Log file open, 03/23/20 13:35:11
LogWindows: Failed to load 'aqProf.dll' (GetLastError=126)
LogWindows: File 'aqProf.dll' does not exist
LogWindows: Failed to load 'VtuneApi.dll' (GetLastError=126)
LogWindows: File 'VtuneApi.dll' does not exist
LogWindows: Failed to load 'VtuneApi32e.dll' (GetLastError=126)
LogWindows: File 'VtuneApi32e.dll' does not exist
LogConsoleResponse: Display: Failed to find resolution value strings in scalability ini. Falling back to default.
LogInit: Display: Running engine for game: MCRoyale
LogPlatformFile: Not using cached read wrapper
LogTaskGraph: Started task graph with 5 named threads and 35 total threads with 3 sets of task threads.
LogStats: Stats thread started at 0.153045
LogD3D11RHI: Loaded GFSDK_Aftermath_Lib.x64.dll
LogICUInternationalization: ICU TimeZone Detection - Raw Offset: -6:00, Platform Override: ''
LogPluginManager: Mounting plugin Paper2D
LogPluginManager: Mounting plugin AISupport
LogPluginManager: Mounting plugin LightPropagationVolume
LogPluginManager: Mounting plugin ActorLayerUtilities
LogPluginManager: Mounting plugin AnimationSharing
LogPluginManager: Mounting plugin CLionSourceCodeAccess
LogPluginManager: Mounting plugin CodeLiteSourceCodeAccess
LogPluginManager: Mounting plugin GitSourceControl
LogPluginManager: Mounting plugin KDevelopSourceCodeAccess
LogPluginManager: Mounting plugin NullSourceCodeAccess
LogPluginManager: Mounting plugin PerforceSourceControl
LogPluginManager: Mounting plugin PlasticSourceControl
LogPluginManager: Mounting plugin SubversionSourceControl
LogPluginManager: Mounting plugin UObjectPlugin
LogPluginManager: Mounting plugin VisualStudioCodeSourceCodeAccess
LogPluginManager: Mounting plugin VisualStudioSourceCodeAccess
LogPluginManager: Mounting plugin XCodeSourceCodeAccess
LogPluginManager: Mounting plugin AssetManagerEditor
LogPluginManager: Mounting plugin CryptoKeys
LogPluginManager: Mounting plugin CurveEditorTools
LogPluginManager: Mounting plugin DataValidation
LogPluginManager: Mounting plugin FacialAnimation
LogPluginManager: Mounting plugin GameplayTagsEditor
LogPluginManager: Mounting plugin MacGraphicsSwitching
LogPluginManager: Mounting plugin MaterialAnalyzer
LogPluginManager: Mounting plugin MobileLauncherProfileWizard
LogPluginManager: Mounting plugin PluginBrowser
LogPluginManager: Mounting plugin SpeedTreeImporter
LogPluginManager: Mounting plugin DatasmithContent
LogPluginManager: Mounting plugin VariantManagerContent
LogPluginManager: Mounting plugin AlembicImporter
LogPluginManager: Mounting plugin AutomationUtils
LogPluginManager: Mounting plugin BackChannel
LogPluginManager: Mounting plugin CharacterAI
LogPluginManager: Mounting plugin GeometryCache
LogPluginManager: Mounting plugin PlatformCrypto
LogPluginManager: Mounting plugin ProxyLODPlugin
LogPluginManager: Mounting plugin SkeletalReduction
LogPluginManager: Mounting plugin MagicLeap
LogPluginManager: Mounting plugin MagicLeapMedia
LogPluginManager: Mounting plugin MLSDK
LogPluginManager: Mounting plugin AndroidMedia
LogPluginManager: Mounting plugin AvfMedia
LogPluginManager: Mounting plugin ImgMedia
LogPluginManager: Mounting plugin MediaCompositing
LogPluginManager: Mounting plugin MediaPlayerEditor
LogPluginManager: Mounting plugin WebMMedia
LogPluginManager: Mounting plugin WmfMedia
LogPluginManager: Mounting plugin TcpMessaging
LogPluginManager: Mounting plugin UdpMessaging
LogPluginManager: Mounting plugin ActorSequence
LogPluginManager: Mounting plugin LevelSequenceEditor
LogPluginManager: Mounting plugin MatineeToLevelSequence
LogPluginManager: Mounting plugin NetcodeUnitTest
LogPluginManager: Mounting plugin NUTUnrealEngine4
LogPluginManager: Mounting plugin OnlineSubsystemGooglePlay
LogPluginManager: Mounting plugin OnlineSubsystemIOS
LogPluginManager: Mounting plugin OnlineSubsystem
LogPluginManager: Mounting plugin OnlineSubsystemNull
LogPluginManager: Mounting plugin OnlineSubsystemUtils
LogPluginManager: Mounting plugin LauncherChunkInstaller
LogPluginManager: Mounting plugin AndroidDeviceProfileSelector
LogPluginManager: Mounting plugin AndroidMoviePlayer
LogPluginManager: Mounting plugin AndroidPermission
LogPluginManager: Mounting plugin AppleImageUtils
LogPluginManager: Mounting plugin AppleMoviePlayer
LogPluginManager: Mounting plugin ArchVisCharacter
LogPluginManager: Mounting plugin AssetTags
LogPluginManager: Mounting plugin AudioCapture
LogPluginManager: Mounting plugin CableComponent
LogPluginManager: Mounting plugin CustomMeshComponent
LogPluginManager: Mounting plugin EditableMesh
LogPluginManager: Mounting plugin ExampleDeviceProfileSelector
LogPluginManager: Mounting plugin GoogleCloudMessaging
LogPluginManager: Mounting plugin IOSDeviceProfileSelector
LogPluginManager: Mounting plugin LinuxDeviceProfileSelector
LogPluginManager: Mounting plugin LocationServicesBPLibrary
LogPluginManager: Mounting plugin MobilePatchingUtils
LogPluginManager: Mounting plugin OculusVR
LogPluginManager: Mounting plugin PhysXVehicles
LogPluginManager: Mounting plugin PostSplashScreen
LogPluginManager: Mounting plugin ProceduralMeshComponent
LogPluginManager: Mounting plugin RuntimePhysXCooking
LogPluginManager: Mounting plugin SignificanceManager
LogPluginManager: Mounting plugin SteamVR
LogPluginManager: Mounting plugin WebMMoviePlayer
LogPluginManager: Mounting plugin WindowsMoviePlayer
LogPluginManager: Mounting plugin ScreenshotTools
LogInit: Using libcurl 7.55.1-DEV
LogInit:  - built for x86_64-pc-win32
LogInit:  - supports SSL with OpenSSL/1.1.1
LogInit:  - supports HTTP deflate (compression) using libz 1.2.8
LogInit:  - other features:
LogInit:      CURL_VERSION_SSL
LogInit:      CURL_VERSION_LIBZ
LogInit:      CURL_VERSION_IPV6
LogInit:      CURL_VERSION_ASYNCHDNS
LogInit:      CURL_VERSION_LARGEFILE
LogInit:      CURL_VERSION_IDN
LogInit:  CurlRequestOptions (configurable via config and command line):
LogInit:  - bVerifyPeer = true  - Libcurl will verify peer certificate
LogInit:  - bUseHttpProxy = false  - Libcurl will NOT use HTTP proxy
LogInit:  - bDontReuseConnections = false  - Libcurl will reuse connections
LogInit:  - MaxHostConnections = 16  - Libcurl will limit the number of connections to a host
LogInit:  - LocalHostAddr = Default
LogInit:  - BufferSize = 65536
LogOnline: OSS: Creating online subsystem instance for: NULL
LogInit: WinSock: version 1.1 (2.2), MaxSocks=32767, MaxUdp=65467
LogOnline: OSS: TryLoadSubsystemAndSetDefault: Loaded subsystem for module [NULL]
LogInit: Build: ++UE4+Release-4.24-CL-10570792
LogInit: Engine Version: 4.24.0-10570792+++UE4+Release-4.24
LogInit: Compatible Engine Version: 4.24.0-10570792+++UE4+Release-4.24
LogInit: Net CL: 10570792
LogInit: OS: Windows 10 (Release 1809) (), CPU: Intel(R) Core(TM) i7-8750H CPU @ 2.20GHz, GPU: Intel(R) UHD Graphics 630
LogInit: Compiled (64-bit): Dec  6 2019 02:05:13
LogInit: Compiled with Visual C++: 19.16.27032.01
LogInit: Build Configuration: Development
LogInit: Branch Name: ++UE4+Release-4.24
LogInit: Command Line: 
LogInit: Base Directory: C:/Program Files/Epic Games/UE_4.24/Engine/Binaries/Win64/
LogInit: Installed Engine Build: 1
LogDevObjectVersion: Number of dev versions registered: 25
LogDevObjectVersion:   Dev-Blueprints (B0D832E4-1F89-4F0D-ACCF-7EB736FD4AA2): 10
LogDevObjectVersion:   Dev-Build (E1C64328-A22C-4D53-A36C-8E866417BD8C): 0
LogDevObjectVersion:   Dev-Core (375EC13C-06E4-48FB-B500-84F0262A717E): 3
LogDevObjectVersion:   Dev-Editor (E4B068ED-F494-42E9-A231-DA0B2E46BB41): 37
LogDevObjectVersion:   Dev-Framework (CFFC743F-43B0-4480-9391-14DF171D2073): 36
LogDevObjectVersion:   Dev-Mobile (B02B49B5-BB20-44E9-A304-32B752E40360): 2
LogDevObjectVersion:   Dev-Networking (A4E4105C-59A1-49B5-A7C5-40C4547EDFEE): 0
LogDevObjectVersion:   Dev-Online (39C831C9-5AE6-47DC-9A44-9C173E1C8E7C): 0
LogDevObjectVersion:   Dev-Physics (78F01B33-EBEA-4F98-B9B4-84EACCB95AA2): 2
LogDevObjectVersion:   Dev-Platform (6631380F-2D4D-43E0-8009-CF276956A95A): 0
LogDevObjectVersion:   Dev-Rendering (12F88B9F-8875-4AFC-A67C-D90C383ABD29): 36
LogDevObjectVersion:   Dev-Sequencer (7B5AE74C-D270-4C10-A958-57980B212A5A): 11
LogDevObjectVersion:   Dev-VR (D7296918-1DD6-4BDD-9DE2-64A83CC13884): 2
LogDevObjectVersion:   Dev-LoadTimes (C2A15278-BFE7-4AFE-6C17-90FF531DF755): 1
LogDevObjectVersion:   Private-Geometry (6EACA3D4-40EC-4CC1-B786-8BED09428FC5): 3
LogDevObjectVersion:   Dev-AnimPhys (29E575DD-E0A3-4627-9D10-D276232CDCEA): 17
LogDevObjectVersion:   Dev-Anim (AF43A65D-7FD3-4947-9873-3E8ED9C1BB05): 2
LogDevObjectVersion:   Dev-ReflectionCapture (6B266CEC-1EC7-4B8F-A30B-E4D90942FC07): 1
LogDevObjectVersion:   Dev-Automation (0DF73D61-A23F-47EA-B727-89E90C41499A): 1
LogDevObjectVersion:   FortniteMain (601D1886-AC64-4F84-AA16-D3DE0DEAC7D6): 31
LogDevObjectVersion:   Dev-Enterprise (9DFFBCD6-494F-0158-E221-12823C92A888): 8
LogDevObjectVersion:   Dev-Niagara (F2AED0AC-9AFE-416F-8664-AA7FFA26D6FC): 1
LogDevObjectVersion:   Dev-Destruction (174F1F0B-B4C6-45A5-B13F-2EE8D0FB917D): 9
LogDevObjectVersion:   Dev-Physics-Ext (35F94A83-E258-406C-A318-09F59610247C): 8
LogDevObjectVersion:   Dev-CineCamera (B2E18506-4273-CFC2-A54E-F4BB758BBA07): 1
LogInit: Presizing for max 25165824 objects, including 0 objects not considered by GC, pre-allocating 0 bytes for permanent pool.
LogInit: Object subsystem initialized
LogConfig: Setting CVar [[con.DebugEarlyDefault:1]]
LogConfig: Setting CVar [[r.setres:1280x720]]
[2020.03.23-18.35.11:882][  0]LogConfig: Setting CVar [[r.VSync:0]]
[2020.03.23-18.35.11:882][  0]LogConfig: Setting CVar [[r.RHICmdBypass:0]]
[2020.03.23-18.35.11:882][  0]LogConfig: Applying CVar settings from Section [/Script/Engine.RendererSettings] File [C:/Users/KE13A/Documents/GitHub/MCRoyale/Saved/Config/Windows/Engine.ini]
[2020.03.23-18.35.11:882][  0]LogConfig: Setting CVar [[r.GPUCrashDebugging:0]]
[2020.03.23-18.35.11:882][  0]LogConfig: Applying CVar settings from Section [/Script/Engine.RendererOverrideSettings] File [C:/Users/KE13A/Documents/GitHub/MCRoyale/Saved/Config/Windows/Engine.ini]
[2020.03.23-18.35.11:882][  0]LogConfig: Applying CVar settings from Section [/Script/Engine.StreamingSettings] File [C:/Users/KE13A/Documents/GitHub/MCRoyale/Saved/Config/Windows/Engine.ini]
[2020.03.23-18.35.11:882][  0]LogConfig: Setting CVar [[s.MinBulkDataSizeForAsyncLoading:131072]]
[2020.03.23-18.35.11:882][  0]LogConfig: Setting CVar [[s.AsyncLoadingThreadEnabled:0]]
[2020.03.23-18.35.11:882][  0]LogConfig: Setting CVar [[s.EventDrivenLoaderEnabled:1]]
[2020.03.23-18.35.11:882][  0]LogConfig: Setting CVar [[s.WarnIfTimeLimitExceeded:0]]
[2020.03.23-18.35.11:883][  0]LogConfig: Setting CVar [[s.TimeLimitExceededMultiplier:1.5]]
[2020.03.23-18.35.11:883][  0]LogConfig: Setting CVar [[s.TimeLimitExceededMinTime:0.005]]
[2020.03.23-18.35.11:883][  0]LogConfig: Setting CVar [[s.UseBackgroundLevelStreaming:1]]
[2020.03.23-18.35.11:883][  0]LogConfig: Setting CVar [[s.PriorityAsyncLoadingExtraTime:15.0]]
[2020.03.23-18.35.11:883][  0]LogConfig: Setting CVar [[s.LevelStreamingActorsUpdateTimeLimit:5.0]]
[2020.03.23-18.35.11:883][  0]LogConfig: Setting CVar [[s.PriorityLevelStreamingActorsUpdateExtraTime:5.0]]
[2020.03.23-18.35.11:883][  0]LogConfig: Setting CVar [[s.LevelStreamingComponentsRegistrationGranularity:10]]
[2020.03.23-18.35.11:883][  0]LogConfig: Setting CVar [[s.UnregisterComponentsTimeLimit:1.0]]
[2020.03.23-18.35.11:883][  0]LogConfig: Setting CVar [[s.LevelStreamingComponentsUnregistrationGranularity:5]]
[2020.03.23-18.35.11:883][  0]LogConfig: Setting CVar [[s.FlushStreamingOnExit:1]]
[2020.03.23-18.35.11:883][  0]LogConfig: Applying CVar settings from Section [/Script/Engine.GarbageCollectionSettings] File [C:/Users/KE13A/Documents/GitHub/MCRoyale/Saved/Config/Windows/Engine.ini]
[2020.03.23-18.35.11:883][  0]LogConfig: Setting CVar [[gc.MaxObjectsNotConsideredByGC:1]]
[2020.03.23-18.35.11:883][  0]LogConfig: Setting CVar [[gc.SizeOfPermanentObjectPool:0]]
[2020.03.23-18.35.11:883][  0]LogConfig: Setting CVar [[gc.FlushStreamingOnGC:0]]
[2020.03.23-18.35.11:883][  0]LogConfig: Setting CVar [[gc.NumRetriesBeforeForcingGC:10]]
[2020.03.23-18.35.11:883][  0]LogConfig: Setting CVar [[gc.AllowParallelGC:1]]
[2020.03.23-18.35.11:883][  0]LogConfig: Setting CVar [[gc.TimeBetweenPurgingPendingKillObjects:61.1]]
[2020.03.23-18.35.11:883][  0]LogConfig: Setting CVar [[gc.MaxObjectsInEditor:25165824]]
[2020.03.23-18.35.11:883][  0]LogConfig: Setting CVar [[gc.IncrementalBeginDestroyEnabled:1]]
[2020.03.23-18.35.11:883][  0]LogConfig: Setting CVar [[gc.CreateGCClusters:1]]
[2020.03.23-18.35.11:883][  0]LogConfig: Setting CVar [[gc.MinGCClusterSize:5]]
[2020.03.23-18.35.11:884][  0]LogConfig: Setting CVar [[gc.ActorClusteringEnabled:0]]
[2020.03.23-18.35.11:884][  0]LogConfig: Setting CVar [[gc.BlueprintClusteringEnabled:0]]
[2020.03.23-18.35.11:884][  0]LogConfig: Setting CVar [[gc.UseDisregardForGCOnDedicatedServers:0]]
[2020.03.23-18.35.11:884][  0]LogConfig: Applying CVar settings from Section [/Script/Engine.NetworkSettings] File [C:/Users/KE13A/Documents/GitHub/MCRoyale/Saved/Config/Windows/Engine.ini]
[2020.03.23-18.35.11:884][  0]LogConfig: Applying CVar settings from Section [/Script/UnrealEd.CookerSettings] File [C:/Users/KE13A/Documents/GitHub/MCRoyale/Saved/Config/Windows/Engine.ini]
[2020.03.23-18.35.11:891][  0]LogConfig: Applying CVar settings from Section [ViewDistanceQuality@3] File [C:/Users/KE13A/Documents/GitHub/MCRoyale/Saved/Config/Windows/Scalability.ini]
[2020.03.23-18.35.11:891][  0]LogConfig: Setting CVar [[r.SkeletalMeshLODBias:0]]
[2020.03.23-18.35.11:891][  0]LogConfig: Setting CVar [[r.ViewDistanceScale:1.0]]
[2020.03.23-18.35.11:891][  0]LogConfig: Applying CVar settings from Section [AntiAliasingQuality@3] File [C:/Users/KE13A/Documents/GitHub/MCRoyale/Saved/Config/Windows/Scalability.ini]
[2020.03.23-18.35.11:891][  0]LogConfig: Setting CVar [[r.PostProcessAAQuality:4]]
[2020.03.23-18.35.11:891][  0]LogConfig: Applying CVar settings from Section [ShadowQuality@3] File [C:/Users/KE13A/Documents/GitHub/MCRoyale/Saved/Config/Windows/Scalability.ini]
[2020.03.23-18.35.11:891][  0]LogConfig: Setting CVar [[r.LightFunctionQuality:1]]
[2020.03.23-18.35.11:892][  0]LogConfig: Setting CVar [[r.ShadowQuality:5]]
[2020.03.23-18.35.11:892][  0]LogConfig: Setting CVar [[r.Shadow.CSM.MaxCascades:10]]
[2020.03.23-18.35.11:892][  0]LogConfig: Setting CVar [[r.Shadow.MaxResolution:2048]]
[2020.03.23-18.35.11:892][  0]LogConfig: Setting CVar [[r.Shadow.MaxCSMResolution:2048]]
[2020.03.23-18.35.11:892][  0]LogConfig: Setting CVar [[r.Shadow.RadiusThreshold:0.01]]
[2020.03.23-18.35.11:892][  0]LogConfig: Setting CVar [[r.Shadow.DistanceScale:1.0]]
[2020.03.23-18.35.11:892][  0]LogConfig: Setting CVar [[r.Shadow.CSM.TransitionScale:1.0]]
[2020.03.23-18.35.11:892][  0]LogConfig: Setting CVar [[r.Shadow.PreShadowResolutionFactor:1.0]]
[2020.03.23-18.35.11:892][  0]LogConfig: Setting CVar [[r.DistanceFieldShadowing:1]]
[2020.03.23-18.35.11:892][  0]LogConfig: Setting CVar [[r.DistanceFieldAO:1]]
[2020.03.23-18.35.11:892][  0]LogConfig: Setting CVar [[r.AOQuality:2]]
[2020.03.23-18.35.11:892][  0]LogConfig: Setting CVar [[r.VolumetricFog:1]]
[2020.03.23-18.35.11:892][  0]LogConfig: Setting CVar [[r.VolumetricFog.GridPixelSize:8]]
[2020.03.23-18.35.11:892][  0]LogConfig: Setting CVar [[r.VolumetricFog.GridSizeZ:128]]
[2020.03.23-18.35.11:892][  0]LogConfig: Setting CVar [[r.VolumetricFog.HistoryMissSupersampleCount:4]]
[2020.03.23-18.35.11:892][  0]LogConfig: Setting CVar [[r.LightMaxDrawDistanceScale:1]]
[2020.03.23-18.35.11:892][  0]LogConfig: Setting CVar [[r.CapsuleShadows:1]]
[2020.03.23-18.35.11:892][  0]LogConfig: Applying CVar settings from Section [PostProcessQuality@3] File [C:/Users/KE13A/Documents/GitHub/MCRoyale/Saved/Config/Windows/Scalability.ini]
[2020.03.23-18.35.11:892][  0]LogConfig: Setting CVar [[r.MotionBlurQuality:4]]
[2020.03.23-18.35.11:892][  0]LogConfig: Setting CVar [[r.AmbientOcclusionMipLevelFactor:0.4]]
[2020.03.23-18.35.11:892][  0]LogConfig: Setting CVar [[r.AmbientOcclusionMaxQuality:100]]
[2020.03.23-18.35.11:892][  0]LogConfig: Setting CVar [[r.AmbientOcclusionLevels:-1]]
[2020.03.23-18.35.11:892][  0]LogConfig: Setting CVar [[r.AmbientOcclusionRadiusScale:1.0]]
[2020.03.23-18.35.11:892][  0]LogConfig: Setting CVar [[r.DepthOfFieldQuality:2]]
[2020.03.23-18.35.11:892][  0]LogConfig: Setting CVar [[r.RenderTargetPoolMin:400]]
[2020.03.23-18.35.11:892][  0]LogConfig: Setting CVar [[r.LensFlareQuality:2]]
[2020.03.23-18.35.11:892][  0]LogConfig: Setting CVar [[r.SceneColorFringeQuality:1]]
[2020.03.23-18.35.11:892][  0]LogConfig: Setting CVar [[r.EyeAdaptationQuality:2]]
[2020.03.23-18.35.11:892][  0]LogConfig: Setting CVar [[r.BloomQuality:5]]
[2020.03.23-18.35.11:892][  0]LogConfig: Setting CVar [[r.FastBlurThreshold:100]]
[2020.03.23-18.35.11:892][  0]LogConfig: Setting CVar [[r.Upscale.Quality:3]]
[2020.03.23-18.35.11:892][  0]LogConfig: Setting CVar [[r.Tonemapper.GrainQuantization:1]]
[2020.03.23-18.35.11:892][  0]LogConfig: Setting CVar [[r.LightShaftQuality:1]]
[2020.03.23-18.35.11:892][  0]LogConfig: Setting CVar [[r.Filter.SizeScale:1]]
[2020.03.23-18.35.11:892][  0]LogConfig: Setting CVar [[r.Tonemapper.Quality:5]]
[2020.03.23-18.35.11:892][  0]LogConfig: Setting CVar [[r.DOF.Gather.AccumulatorQuality:1        ; higher gathering accumulator quality]]
[2020.03.23-18.35.11:892][  0]LogConfig: Setting CVar [[r.DOF.Gather.PostfilterMethod:1          ; Median3x3 postfilering method]]
[2020.03.23-18.35.11:892][  0]LogConfig: Setting CVar [[r.DOF.Gather.EnableBokehSettings:0       ; no bokeh simulation when gathering]]
[2020.03.23-18.35.11:892][  0]LogConfig: Setting CVar [[r.DOF.Gather.RingCount:4                 ; medium number of samples when gathering]]
[2020.03.23-18.35.11:892][  0]LogConfig: Setting CVar [[r.DOF.Scatter.ForegroundCompositing:1    ; additive foreground scattering]]
[2020.03.23-18.35.11:892][  0]LogConfig: Setting CVar [[r.DOF.Scatter.BackgroundCompositing:2    ; additive background scattering]]
[2020.03.23-18.35.11:892][  0]LogConfig: Setting CVar [[r.DOF.Scatter.EnableBokehSettings:1      ; bokeh simulation when scattering]]
[2020.03.23-18.35.11:892][  0]LogConfig: Setting CVar [[r.DOF.Scatter.MaxSpriteRatio:0.1         ; only a maximum of 10% of scattered bokeh]]
[2020.03.23-18.35.11:892][  0]LogConfig: Setting CVar [[r.DOF.Recombine.Quality:1                ; cheap slight out of focus]]
[2020.03.23-18.35.11:892][  0]LogConfig: Setting CVar [[r.DOF.Recombine.EnableBokehSettings:0    ; no bokeh simulation on slight out of focus]]
[2020.03.23-18.35.11:892][  0]LogConfig: Setting CVar [[r.DOF.TemporalAAQuality:1                ; more stable temporal accumulation]]
[2020.03.23-18.35.11:892][  0]LogConfig: Setting CVar [[r.DOF.Kernel.MaxForegroundRadius:0.025]]
[2020.03.23-18.35.11:892][  0]LogConfig: Setting CVar [[r.DOF.Kernel.MaxBackgroundRadius:0.025]]
[2020.03.23-18.35.11:892][  0]LogConfig: Applying CVar settings from Section [TextureQuality@3] File [C:/Users/KE13A/Documents/GitHub/MCRoyale/Saved/Config/Windows/Scalability.ini]
[2020.03.23-18.35.11:893][  0]LogConfig: Setting CVar [[r.Streaming.MipBias:0]]
[2020.03.23-18.35.11:893][  0]LogConfig: Setting CVar [[r.Streaming.AmortizeCPUToGPUCopy:0]]
[2020.03.23-18.35.11:893][  0]LogConfig: Setting CVar [[r.Streaming.MaxNumTexturesToStreamPerFrame:0]]
[2020.03.23-18.35.11:893][  0]LogConfig: Setting CVar [[r.Streaming.Boost:1]]
[2020.03.23-18.35.11:893][  0]LogConfig: Setting CVar [[r.MaxAnisotropy:8]]
[2020.03.23-18.35.11:893][  0]LogConfig: Setting CVar [[r.VT.MaxAnisotropy:8]]
[2020.03.23-18.35.11:893][  0]LogConfig: Setting CVar [[r.Streaming.LimitPoolSizeToVRAM:0]]
[2020.03.23-18.35.11:893][  0]LogConfig: Setting CVar [[r.Streaming.PoolSize:1000]]
[2020.03.23-18.35.11:893][  0]LogConfig: Setting CVar [[r.Streaming.MaxEffectiveScreenSize:0]]
[2020.03.23-18.35.11:893][  0]LogConfig: Applying CVar settings from Section [EffectsQuality@3] File [C:/Users/KE13A/Documents/GitHub/MCRoyale/Saved/Config/Windows/Scalability.ini]
[2020.03.23-18.35.11:893][  0]LogConfig: Setting CVar [[r.TranslucencyLightingVolumeDim:64]]
[2020.03.23-18.35.11:893][  0]LogConfig: Setting CVar [[r.RefractionQuality:2]]
[2020.03.23-18.35.11:893][  0]LogConfig: Setting CVar [[r.SSR.Quality:3]]
[2020.03.23-18.35.11:893][  0]LogConfig: Setting CVar [[r.SSR.HalfResSceneColor:0]]
[2020.03.23-18.35.11:893][  0]LogConfig: Setting CVar [[r.SceneColorFormat:4]]
[2020.03.23-18.35.11:893][  0]LogConfig: Setting CVar [[r.DetailMode:2]]
[2020.03.23-18.35.11:893][  0]LogConfig: Setting CVar [[r.TranslucencyVolumeBlur:1]]
[2020.03.23-18.35.11:893][  0]LogConfig: Setting CVar [[r.MaterialQualityLevel:1 ; High quality]]
[2020.03.23-18.35.11:893][  0]LogConfig: Setting CVar [[r.SSS.Scale:1]]
[2020.03.23-18.35.11:893][  0]LogConfig: Setting CVar [[r.SSS.SampleSet:2]]
[2020.03.23-18.35.11:893][  0]LogConfig: Setting CVar [[r.SSS.Quality:1]]
[2020.03.23-18.35.11:893][  0]LogConfig: Setting CVar [[r.SSS.HalfRes:1]]
[2020.03.23-18.35.11:893][  0]LogConfig: Setting CVar [[r.SSGI.Quality:3]]
[2020.03.23-18.35.11:893][  0]LogConfig: Setting CVar [[r.EmitterSpawnRateScale:1.0]]
[2020.03.23-18.35.11:893][  0]LogConfig: Setting CVar [[r.ParticleLightQuality:2]]
[2020.03.23-18.35.11:893][  0]LogConfig: Setting CVar [[r.SkyAtmosphere.AerialPerspectiveLUT.FastApplyOnOpaque:1 ; Always have FastSkyLUT 1 in this case to avoid wrong sky]]
[2020.03.23-18.35.11:893][  0]LogConfig: Setting CVar [[r.SkyAtmosphere.AerialPerspectiveLUT.SampleCountPerSlice:1]]
[2020.03.23-18.35.11:893][  0]LogConfig: Setting CVar [[r.SkyAtmosphere.AerialPerspectiveLUT.DepthResolution:16.0]]
[2020.03.23-18.35.11:893][  0]LogConfig: Setting CVar [[r.SkyAtmosphere.FastSkyLUT:1]]
[2020.03.23-18.35.11:893][  0]LogConfig: Setting CVar [[r.SkyAtmosphere.FastSkyLUT.SampleCountMin:4.0]]
[2020.03.23-18.35.11:893][  0]LogConfig: Setting CVar [[r.SkyAtmosphere.FastSkyLUT.SampleCountMax:32.0]]
[2020.03.23-18.35.11:893][  0]LogConfig: Setting CVar [[r.SkyAtmosphere.SampleCountMin:4.0]]
[2020.03.23-18.35.11:893][  0]LogConfig: Setting CVar [[r.SkyAtmosphere.SampleCountMax:32.0]]
[2020.03.23-18.35.11:893][  0]LogConfig: Setting CVar [[r.SkyAtmosphere.TransmittanceLUT.UseSmallFormat:0]]
[2020.03.23-18.35.11:893][  0]LogConfig: Setting CVar [[r.SkyAtmosphere.TransmittanceLUT.SampleCount:10.0]]
[2020.03.23-18.35.11:893][  0]LogConfig: Setting CVar [[r.SkyAtmosphere.MultiScatteringLUT.SampleCount:15.0]]
[2020.03.23-18.35.11:893][  0]LogConfig: Applying CVar settings from Section [FoliageQuality@3] File [C:/Users/KE13A/Documents/GitHub/MCRoyale/Saved/Config/Windows/Scalability.ini]
[2020.03.23-18.35.11:893][  0]LogConfig: Setting CVar [[foliage.DensityScale:1.0]]
[2020.03.23-18.35.11:893][  0]LogConfig: Setting CVar [[grass.DensityScale:1.0]]
[2020.03.23-18.35.11:893][  0]LogConfig: Applying CVar settings from Section [ShadingQuality@3] File [C:/Users/KE13A/Documents/GitHub/MCRoyale/Saved/Config/Windows/Scalability.ini]
[2020.03.23-18.35.11:893][  0]LogConfig: Setting CVar [[r.HairStrands.SkyLighting.SampleCount:16]]
[2020.03.23-18.35.11:893][  0]LogConfig: Setting CVar [[r.HairStrands.SkyLighting.JitterIntegration:0]]
[2020.03.23-18.35.11:893][  0]LogConfig: Setting CVar [[r.HairStrands.SkyAO.SampleCount:16]]
[2020.03.23-18.35.11:893][  0]LogInit: Selected Device Profile: [Windows]
[2020.03.23-18.35.11:893][  0]LogInit: Applying CVar settings loaded from the selected device profile: [Windows]
[2020.03.23-18.35.11:897][  0]LogHAL: Display: Platform has ~ 16 GB [17034891264 / 17179869184 / 16], which maps to Larger [LargestMinGB=32, LargerMinGB=12, DefaultMinGB=8, SmallerMinGB=6, SmallestMinGB=0)
[2020.03.23-18.35.11:897][  0]LogInit: Going up to parent DeviceProfile []
[2020.03.23-18.35.11:898][  0]LogConfig: Applying CVar settings from Section [ViewDistanceQuality@3] File [C:/Users/KE13A/Documents/GitHub/MCRoyale/Saved/Config/Windows/Scalability.ini]
[2020.03.23-18.35.11:898][  0]LogConfig: Setting CVar [[r.SkeletalMeshLODBias:0]]
[2020.03.23-18.35.11:898][  0]LogConfig: Setting CVar [[r.ViewDistanceScale:1.0]]
[2020.03.23-18.35.11:898][  0]LogConfig: Applying CVar settings from Section [AntiAliasingQuality@3] File [C:/Users/KE13A/Documents/GitHub/MCRoyale/Saved/Config/Windows/Scalability.ini]
[2020.03.23-18.35.11:898][  0]LogConfig: Setting CVar [[r.PostProcessAAQuality:4]]
[2020.03.23-18.35.11:898][  0]LogConfig: Applying CVar settings from Section [ShadowQuality@3] File [C:/Users/KE13A/Documents/GitHub/MCRoyale/Saved/Config/Windows/Scalability.ini]
[2020.03.23-18.35.11:898][  0]LogConfig: Setting CVar [[r.LightFunctionQuality:1]]
[2020.03.23-18.35.11:898][  0]LogConfig: Setting CVar [[r.ShadowQuality:5]]
[2020.03.23-18.35.11:898][  0]LogConfig: Setting CVar [[r.Shadow.CSM.MaxCascades:10]]
[2020.03.23-18.35.11:898][  0]LogConfig: Setting CVar [[r.Shadow.MaxResolution:2048]]
[2020.03.23-18.35.11:898][  0]LogConfig: Setting CVar [[r.Shadow.MaxCSMResolution:2048]]
[2020.03.23-18.35.11:898][  0]LogConfig: Setting CVar [[r.Shadow.RadiusThreshold:0.01]]
[2020.03.23-18.35.11:898][  0]LogConfig: Setting CVar [[r.Shadow.DistanceScale:1.0]]
[2020.03.23-18.35.11:898][  0]LogConfig: Setting CVar [[r.Shadow.CSM.TransitionScale:1.0]]
[2020.03.23-18.35.11:898][  0]LogConfig: Setting CVar [[r.Shadow.PreShadowResolutionFactor:1.0]]
[2020.03.23-18.35.11:898][  0]LogConfig: Setting CVar [[r.DistanceFieldShadowing:1]]
[2020.03.23-18.35.11:898][  0]LogConfig: Setting CVar [[r.DistanceFieldAO:1]]
[2020.03.23-18.35.11:898][  0]LogConfig: Setting CVar [[r.AOQuality:2]]
[2020.03.23-18.35.11:898][  0]LogConfig: Setting CVar [[r.VolumetricFog:1]]
[2020.03.23-18.35.11:898][  0]LogConfig: Setting CVar [[r.VolumetricFog.GridPixelSize:8]]
[2020.03.23-18.35.11:898][  0]LogConfig: Setting CVar [[r.VolumetricFog.GridSizeZ:128]]
[2020.03.23-18.35.11:898][  0]LogConfig: Setting CVar [[r.VolumetricFog.HistoryMissSupersampleCount:4]]
[2020.03.23-18.35.11:898][  0]LogConfig: Setting CVar [[r.LightMaxDrawDistanceScale:1]]
[2020.03.23-18.35.11:898][  0]LogConfig: Setting CVar [[r.CapsuleShadows:1]]
[2020.03.23-18.35.11:898][  0]LogConfig: Applying CVar settings from Section [PostProcessQuality@3] File [C:/Users/KE13A/Documents/GitHub/MCRoyale/Saved/Config/Windows/Scalability.ini]
[2020.03.23-18.35.11:898][  0]LogConfig: Setting CVar [[r.MotionBlurQuality:4]]
[2020.03.23-18.35.11:898][  0]LogConfig: Setting CVar [[r.AmbientOcclusionMipLevelFactor:0.4]]
[2020.03.23-18.35.11:898][  0]LogConfig: Setting CVar [[r.AmbientOcclusionMaxQuality:100]]
[2020.03.23-18.35.11:898][  0]LogConfig: Setting CVar [[r.AmbientOcclusionLevels:-1]]
[2020.03.23-18.35.11:898][  0]LogConfig: Setting CVar [[r.AmbientOcclusionRadiusScale:1.0]]
[2020.03.23-18.35.11:898][  0]LogConfig: Setting CVar [[r.DepthOfFieldQuality:2]]
[2020.03.23-18.35.11:898][  0]LogConfig: Setting CVar [[r.RenderTargetPoolMin:400]]
[2020.03.23-18.35.11:898][  0]LogConfig: Setting CVar [[r.LensFlareQuality:2]]
[2020.03.23-18.35.11:898][  0]LogConfig: Setting CVar [[r.SceneColorFringeQuality:1]]
[2020.03.23-18.35.11:898][  0]LogConfig: Setting CVar [[r.EyeAdaptationQuality:2]]
[2020.03.23-18.35.11:898][  0]LogConfig: Setting CVar [[r.BloomQuality:5]]
[2020.03.23-18.35.11:898][  0]LogConfig: Setting CVar [[r.FastBlurThreshold:100]]
[2020.03.23-18.35.11:898][  0]LogConfig: Setting CVar [[r.Upscale.Quality:3]]
[2020.03.23-18.35.11:898][  0]LogConfig: Setting CVar [[r.Tonemapper.GrainQuantization:1]]
[2020.03.23-18.35.11:898][  0]LogConfig: Setting CVar [[r.LightShaftQuality:1]]
[2020.03.23-18.35.11:898][  0]LogConfig: Setting CVar [[r.Filter.SizeScale:1]]
[2020.03.23-18.35.11:898][  0]LogConfig: Setting CVar [[r.Tonemapper.Quality:5]]
[2020.03.23-18.35.11:898][  0]LogConfig: Setting CVar [[r.DOF.Gather.AccumulatorQuality:1        ; higher gathering accumulator quality]]
[2020.03.23-18.35.11:898][  0]LogConfig: Setting CVar [[r.DOF.Gather.PostfilterMethod:1          ; Median3x3 postfilering method]]
[2020.03.23-18.35.11:898][  0]LogConfig: Setting CVar [[r.DOF.Gather.EnableBokehSettings:0       ; no bokeh simulation when gathering]]
[2020.03.23-18.35.11:898][  0]LogConfig: Setting CVar [[r.DOF.Gather.RingCount:4                 ; medium number of samples when gathering]]
[2020.03.23-18.35.11:898][  0]LogConfig: Setting CVar [[r.DOF.Scatter.ForegroundCompositing:1    ; additive foreground scattering]]
[2020.03.23-18.35.11:898][  0]LogConfig: Setting CVar [[r.DOF.Scatter.BackgroundCompositing:2    ; additive background scattering]]
[2020.03.23-18.35.11:898][  0]LogConfig: Setting CVar [[r.DOF.Scatter.EnableBokehSettings:1      ; bokeh simulation when scattering]]
[2020.03.23-18.35.11:898][  0]LogConfig: Setting CVar [[r.DOF.Scatter.MaxSpriteRatio:0.1         ; only a maximum of 10% of scattered bokeh]]
[2020.03.23-18.35.11:898][  0]LogConfig: Setting CVar [[r.DOF.Recombine.Quality:1                ; cheap slight out of focus]]
[2020.03.23-18.35.11:898][  0]LogConfig: Setting CVar [[r.DOF.Recombine.EnableBokehSettings:0    ; no bokeh simulation on slight out of focus]]
[2020.03.23-18.35.11:898][  0]LogConfig: Setting CVar [[r.DOF.TemporalAAQuality:1                ; more stable temporal accumulation]]
[2020.03.23-18.35.11:898][  0]LogConfig: Setting CVar [[r.DOF.Kernel.MaxForegroundRadius:0.025]]
[2020.03.23-18.35.11:898][  0]LogConfig: Setting CVar [[r.DOF.Kernel.MaxBackgroundRadius:0.025]]
[2020.03.23-18.35.11:898][  0]LogConfig: Applying CVar settings from Section [TextureQuality@3] File [C:/Users/KE13A/Documents/GitHub/MCRoyale/Saved/Config/Windows/Scalability.ini]
[2020.03.23-18.35.11:898][  0]LogConfig: Setting CVar [[r.Streaming.MipBias:0]]
[2020.03.23-18.35.11:898][  0]LogConfig: Setting CVar [[r.Streaming.AmortizeCPUToGPUCopy:0]]
[2020.03.23-18.35.11:898][  0]LogConfig: Setting CVar [[r.Streaming.MaxNumTexturesToStreamPerFrame:0]]
[2020.03.23-18.35.11:898][  0]LogConfig: Setting CVar [[r.Streaming.Boost:1]]
[2020.03.23-18.35.11:898][  0]LogConfig: Setting CVar [[r.MaxAnisotropy:8]]
[2020.03.23-18.35.11:898][  0]LogConfig: Setting CVar [[r.VT.MaxAnisotropy:8]]
[2020.03.23-18.35.11:899][  0]LogConfig: Setting CVar [[r.Streaming.LimitPoolSizeToVRAM:0]]
[2020.03.23-18.35.11:899][  0]LogConfig: Setting CVar [[r.Streaming.PoolSize:1000]]
[2020.03.23-18.35.11:899][  0]LogConfig: Setting CVar [[r.Streaming.MaxEffectiveScreenSize:0]]
[2020.03.23-18.35.11:899][  0]LogConfig: Applying CVar settings from Section [EffectsQuality@3] File [C:/Users/KE13A/Documents/GitHub/MCRoyale/Saved/Config/Windows/Scalability.ini]
[2020.03.23-18.35.11:899][  0]LogConfig: Setting CVar [[r.TranslucencyLightingVolumeDim:64]]
[2020.03.23-18.35.11:899][  0]LogConfig: Setting CVar [[r.RefractionQuality:2]]
[2020.03.23-18.35.11:899][  0]LogConfig: Setting CVar [[r.SSR.Quality:3]]
[2020.03.23-18.35.11:899][  0]LogConfig: Setting CVar [[r.SSR.HalfResSceneColor:0]]
[2020.03.23-18.35.11:899][  0]LogConfig: Setting CVar [[r.SceneColorFormat:4]]
[2020.03.23-18.35.11:899][  0]LogConfig: Setting CVar [[r.DetailMode:2]]
[2020.03.23-18.35.11:899][  0]LogConfig: Setting CVar [[r.TranslucencyVolumeBlur:1]]
[2020.03.23-18.35.11:899][  0]LogConfig: Setting CVar [[r.MaterialQualityLevel:1 ; High quality]]
[2020.03.23-18.35.11:899][  0]LogConfig: Setting CVar [[r.SSS.Scale:1]]
[2020.03.23-18.35.11:899][  0]LogConfig: Setting CVar [[r.SSS.SampleSet:2]]
[2020.03.23-18.35.11:899][  0]LogConfig: Setting CVar [[r.SSS.Quality:1]]
[2020.03.23-18.35.11:899][  0]LogConfig: Setting CVar [[r.SSS.HalfRes:1]]
[2020.03.23-18.35.11:899][  0]LogConfig: Setting CVar [[r.SSGI.Quality:3]]
[2020.03.23-18.35.11:899][  0]LogConfig: Setting CVar [[r.EmitterSpawnRateScale:1.0]]
[2020.03.23-18.35.11:899][  0]LogConfig: Setting CVar [[r.ParticleLightQuality:2]]
[2020.03.23-18.35.11:899][  0]LogConfig: Setting CVar [[r.SkyAtmosphere.AerialPerspectiveLUT.FastApplyOnOpaque:1 ; Always have FastSkyLUT 1 in this case to avoid wrong sky]]
[2020.03.23-18.35.11:899][  0]LogConfig: Setting CVar [[r.SkyAtmosphere.AerialPerspectiveLUT.SampleCountPerSlice:1]]
[2020.03.23-18.35.11:899][  0]LogConfig: Setting CVar [[r.SkyAtmosphere.AerialPerspectiveLUT.DepthResolution:16.0]]
[2020.03.23-18.35.11:899][  0]LogConfig: Setting CVar [[r.SkyAtmosphere.FastSkyLUT:1]]
[2020.03.23-18.35.11:899][  0]LogConfig: Setting CVar [[r.SkyAtmosphere.FastSkyLUT.SampleCountMin:4.0]]
[2020.03.23-18.35.11:899][  0]LogConfig: Setting CVar [[r.SkyAtmosphere.FastSkyLUT.SampleCountMax:32.0]]
[2020.03.23-18.35.11:899][  0]LogConfig: Setting CVar [[r.SkyAtmosphere.SampleCountMin:4.0]]
[2020.03.23-18.35.11:899][  0]LogConfig: Setting CVar [[r.SkyAtmosphere.SampleCountMax:32.0]]
[2020.03.23-18.35.11:899][  0]LogConfig: Setting CVar [[r.SkyAtmosphere.TransmittanceLUT.UseSmallFormat:0]]
[2020.03.23-18.35.11:899][  0]LogConfig: Setting CVar [[r.SkyAtmosphere.TransmittanceLUT.SampleCount:10.0]]
[2020.03.23-18.35.11:899][  0]LogConfig: Setting CVar [[r.SkyAtmosphere.MultiScatteringLUT.SampleCount:15.0]]
[2020.03.23-18.35.11:899][  0]LogConfig: Applying CVar settings from Section [FoliageQuality@3] File [C:/Users/KE13A/Documents/GitHub/MCRoyale/Saved/Config/Windows/Scalability.ini]
[2020.03.23-18.35.11:899][  0]LogConfig: Setting CVar [[foliage.DensityScale:1.0]]
[2020.03.23-18.35.11:899][  0]LogConfig: Setting CVar [[grass.DensityScale:1.0]]
[2020.03.23-18.35.11:899][  0]LogConfig: Applying CVar settings from Section [ShadingQuality@3] File [C:/Users/KE13A/Documents/GitHub/MCRoyale/Saved/Config/Windows/Scalability.ini]
[2020.03.23-18.35.11:899][  0]LogConfig: Setting CVar [[r.HairStrands.SkyLighting.SampleCount:16]]
[2020.03.23-18.35.11:899][  0]LogConfig: Setting CVar [[r.HairStrands.SkyLighting.JitterIntegration:0]]
[2020.03.23-18.35.11:899][  0]LogConfig: Setting CVar [[r.HairStrands.SkyAO.SampleCount:16]]
[2020.03.23-18.35.11:899][  0]LogConfig: Applying CVar settings from Section [Startup] File [../../../Engine/Config/ConsoleVariables.ini]
[2020.03.23-18.35.11:900][  0]LogConfig: Setting CVar [[net.UseAdaptiveNetUpdateFrequency:0]]
[2020.03.23-18.35.11:900][  0]LogConfig: Setting CVar [[p.chaos.AllowCreatePhysxBodies:1]]
[2020.03.23-18.35.11:900][  0]LogConfig: Applying CVar settings from Section [ConsoleVariables] File [C:/Users/KE13A/Documents/GitHub/MCRoyale/Saved/Config/Windows/Engine.ini]
[2020.03.23-18.35.11:900][  0]LogInit: Computer: DESKTOP-6I2S857
[2020.03.23-18.35.11:900][  0]LogInit: User: KE13A
[2020.03.23-18.35.11:900][  0]LogInit: CPU Page size=4096, Cores=6
[2020.03.23-18.35.11:900][  0]LogInit: High frequency timer resolution =10.000000 MHz
[2020.03.23-18.35.11:900][  0]LogMemory: Memory total: Physical=15.9GB (16GB approx)
[2020.03.23-18.35.11:900][  0]LogMemory: Platform Memory Stats for Windows
[2020.03.23-18.35.11:900][  0]LogMemory: Process Physical Memory: 105.68 MB used, 105.68 MB peak
[2020.03.23-18.35.11:900][  0]LogMemory: Process Virtual Memory: 101.43 MB used, 101.43 MB peak
[2020.03.23-18.35.11:900][  0]LogMemory: Physical Memory: 7868.45 MB used,  8377.29 MB free, 16245.74 MB total
[2020.03.23-18.35.11:900][  0]LogMemory: Virtual Memory: 5173.68 MB used,  134212552.00 MB free, 134217728.00 MB total
[2020.03.23-18.35.11:904][  0]LogWindows: WindowsPlatformFeatures enabled
[2020.03.23-18.35.11:929][  0]LogInit: Using OS detected language (en-US).
[2020.03.23-18.35.11:929][  0]LogInit: Using OS detected locale (en-US).
[2020.03.23-18.35.11:930][  0]LogTextLocalizationManager: No specific localization for 'en-US' exists, so the 'en' localization will be used.
[2020.03.23-18.35.12:223][  0]LogInit: Setting process to per monitor DPI aware
[2020.03.23-18.35.12:354][  0]LogSlate: New Slate User Created.  User Index 0, Is Virtual User: 0
[2020.03.23-18.35.12:354][  0]LogSlate: Slate User Registered.  User Index 0, Is Virtual User: 0
[2020.03.23-18.35.12:710][  0]LogHMD: Failed to initialize OpenVR with code 110
[2020.03.23-18.35.12:710][  0]LogD3D11RHI: D3D11 min allowed feature level: 11_0
[2020.03.23-18.35.12:710][  0]LogD3D11RHI: D3D11 max allowed feature level: 11_0
[2020.03.23-18.35.12:710][  0]LogD3D11RHI: D3D11 adapters:
[2020.03.23-18.35.12:834][  0]LogD3D11RHI:    0. 'NVIDIA GeForce GTX 1070 with Max-Q Design' (Feature Level 11_0)
[2020.03.23-18.35.12:835][  0]LogD3D11RHI:       8081/0/8122 MB DedicatedVideo/DedicatedSystem/SharedSystem, Outputs:1, VendorId:0x10de
[2020.03.23-18.35.12:858][  0]LogD3D11RHI:    1. 'Intel(R) UHD Graphics 630' (Feature Level 11_0)
[2020.03.23-18.35.12:858][  0]LogD3D11RHI:       128/0/8122 MB DedicatedVideo/DedicatedSystem/SharedSystem, Outputs:0, VendorId:0x8086
[2020.03.23-18.35.12:860][  0]LogD3D11RHI:    2. 'Microsoft Basic Render Driver' (Feature Level 11_0)
[2020.03.23-18.35.12:860][  0]LogD3D11RHI:       0/0/8122 MB DedicatedVideo/DedicatedSystem/SharedSystem, Outputs:0, VendorId:0x1414
[2020.03.23-18.35.12:860][  0]LogD3D11RHI: Chosen D3D11 Adapter: 0
[2020.03.23-18.35.12:908][  0]LogD3D11RHI: Creating new Direct3DDevice
[2020.03.23-18.35.12:908][  0]LogD3D11RHI:     GPU DeviceId: 0x1ba1 (for the marketing name, search the web for "GPU Device Id")
[2020.03.23-18.35.12:908][  0]LogWindows: EnumDisplayDevices:
[2020.03.23-18.35.12:908][  0]LogWindows:    0. 'Intel(R) UHD Graphics 630' (P:1 D:1)
[2020.03.23-18.35.12:908][  0]LogWindows:    1. 'Intel(R) UHD Graphics 630' (P:0 D:0)
[2020.03.23-18.35.12:908][  0]LogWindows:    2. 'Intel(R) UHD Graphics 630' (P:0 D:0)
[2020.03.23-18.35.12:909][  0]LogWindows:    3. 'NVIDIA GeForce GTX 1070 with Max-Q Design' (P:0 D:0)
[2020.03.23-18.35.12:909][  0]LogWindows:    4. 'NVIDIA GeForce GTX 1070 with Max-Q Design' (P:0 D:0)
[2020.03.23-18.35.12:910][  0]LogWindows:    5. 'NVIDIA GeForce GTX 1070 with Max-Q Design' (P:0 D:0)
[2020.03.23-18.35.12:910][  0]LogWindows:    6. 'NVIDIA GeForce GTX 1070 with Max-Q Design' (P:0 D:0)
[2020.03.23-18.35.12:910][  0]LogWindows: DebugString: PrimaryIsNotTheChoosenAdapter PrimaryIsNotTheChoosenAdapter PrimaryIsNotTheChoosenAdapter FoundDriverCount:4 
[2020.03.23-18.35.12:910][  0]LogD3D11RHI:     Adapter Name: NVIDIA GeForce GTX 1070 with Max-Q Design
[2020.03.23-18.35.12:910][  0]LogD3D11RHI:   Driver Version: 431.72 (internal:26.21.14.3172, unified:431.72)
[2020.03.23-18.35.12:910][  0]LogD3D11RHI:      Driver Date: 7-25-2019
[2020.03.23-18.35.12:910][  0]LogRHI: Texture pool is 5656 MB (70% of 8081 MB)
[2020.03.23-18.35.12:970][  0]LogD3D11RHI: RHI has support for 64 bit atomics
[2020.03.23-18.35.12:971][  0]LogD3D11RHI: Async texture creation enabled
[2020.03.23-18.35.12:992][  0]LogD3D11RHI: GPU Timing Frequency: 1000.000000 (Debug: 2 1)
[2020.03.23-18.35.13:470][  0]LogTargetPlatformManager: Display: Loaded TargetPlatform 'AllDesktop'
[2020.03.23-18.35.13:514][  0]LogTargetPlatformManager: Display: Loaded TargetPlatform 'Android'
[2020.03.23-18.35.13:514][  0]LogTargetPlatformManager: Display: Loaded TargetPlatform 'Android_ASTC'
[2020.03.23-18.35.13:514][  0]LogTargetPlatformManager: Display: Loaded TargetPlatform 'Android_ATC'
[2020.03.23-18.35.13:514][  0]LogTargetPlatformManager: Display: Loaded TargetPlatform 'Android_DXT'
[2020.03.23-18.35.13:514][  0]LogTargetPlatformManager: Display: Loaded TargetPlatform 'Android_ETC1'
[2020.03.23-18.35.13:514][  0]LogTargetPlatformManager: Display: Loaded TargetPlatform 'Android_ETC1a'
[2020.03.23-18.35.13:514][  0]LogTargetPlatformManager: Display: Loaded TargetPlatform 'Android_ETC2'
[2020.03.23-18.35.13:514][  0]LogTargetPlatformManager: Display: Loaded TargetPlatform 'Android_PVRTC'
[2020.03.23-18.35.13:514][  0]LogTargetPlatformManager: Display: Loaded TargetPlatform 'AndroidClient'
[2020.03.23-18.35.13:514][  0]LogTargetPlatformManager: Display: Loaded TargetPlatform 'Android_ASTCClient'
[2020.03.23-18.35.13:514][  0]LogTargetPlatformManager: Display: Loaded TargetPlatform 'Android_ATCClient'
[2020.03.23-18.35.13:514][  0]LogTargetPlatformManager: Display: Loaded TargetPlatform 'Android_DXTClient'
[2020.03.23-18.35.13:514][  0]LogTargetPlatformManager: Display: Loaded TargetPlatform 'Android_ETC1Client'
[2020.03.23-18.35.13:514][  0]LogTargetPlatformManager: Display: Loaded TargetPlatform 'Android_ETC1aClient'
[2020.03.23-18.35.13:514][  0]LogTargetPlatformManager: Display: Loaded TargetPlatform 'Android_ETC2Client'
[2020.03.23-18.35.13:514][  0]LogTargetPlatformManager: Display: Loaded TargetPlatform 'Android_PVRTCClient'
[2020.03.23-18.35.13:514][  0]LogTargetPlatformManager: Display: Loaded TargetPlatform 'Android_Multi'
[2020.03.23-18.35.13:514][  0]LogTargetPlatformManager: Display: Loaded TargetPlatform 'Android_MultiClient'
[2020.03.23-18.35.13:536][  0]LogTargetPlatformManager: Display: Loaded TargetPlatform 'IOSClient'
[2020.03.23-18.35.13:536][  0]LogTargetPlatformManager: Display: Loaded TargetPlatform 'IOS'
[2020.03.23-18.35.13:547][  0]LogTargetPlatformManager: Display: Loaded TargetPlatform 'LinuxNoEditor'
[2020.03.23-18.35.13:558][  0]LogTargetPlatformManager: Display: Loaded TargetPlatform 'LinuxClient'
[2020.03.23-18.35.13:568][  0]LogTargetPlatformManager: Display: Loaded TargetPlatform 'LinuxServer'
[2020.03.23-18.35.13:577][  0]LogTargetPlatformManager: Display: Loaded TargetPlatform 'LinuxAArch64NoEditor'
[2020.03.23-18.35.13:585][  0]LogTargetPlatformManager: Display: Loaded TargetPlatform 'LinuxAArch64Client'
[2020.03.23-18.35.13:595][  0]LogTargetPlatformManager: Display: Loaded TargetPlatform 'LinuxAArch64Server'
[2020.03.23-18.35.13:631][  0]LogTargetPlatformManager: Display: Loaded TargetPlatform 'Lumin'
[2020.03.23-18.35.13:631][  0]LogTargetPlatformManager: Display: Loaded TargetPlatform 'LuminClient'
[2020.03.23-18.35.13:648][  0]LogTargetPlatformManager: Display: Loaded TargetPlatform 'TVOSClient'
[2020.03.23-18.35.13:648][  0]LogTargetPlatformManager: Display: Loaded TargetPlatform 'TVOS'
[2020.03.23-18.35.13:657][  0]LogTargetPlatformManager: Display: Loaded TargetPlatform 'WindowsNoEditor'
[2020.03.23-18.35.13:666][  0]LogTargetPlatformManager: Display: Loaded TargetPlatform 'Windows'
[2020.03.23-18.35.13:674][  0]LogTargetPlatformManager: Display: Loaded TargetPlatform 'WindowsClient'
[2020.03.23-18.35.13:683][  0]LogTargetPlatformManager: Display: Loaded TargetPlatform 'WindowsServer'
[2020.03.23-18.35.13:683][  0]LogTargetPlatformManager: Display: Building Assets For Windows
[2020.03.23-18.35.13:688][  0]LogAudioDebug: Display: Lib vorbis DLL was dynamically loaded.
[2020.03.23-18.35.13:725][  0]LogShaderCompilers: Guid format shader working directory is -10 characters bigger than the processId version (../../../../../../Users/KE13A/Documents/GitHub/MCRoyale/Intermediate/Shaders/WorkingDirectory/20788/).
[2020.03.23-18.35.13:725][  0]LogShaderCompilers: Cleaned the shader compiler working directory 'C:/Users/KE13A/AppData/Local/Temp/UnrealShaderWorkingDir/6DF4B3354811BD3466E241AD98B153B4/'.
[2020.03.23-18.35.13:726][  0]LogXGEController: Cannot use XGE Controller as Incredibuild is not installed on this machine.
[2020.03.23-18.35.13:726][  0]LogShaderCompilers: Cannot use XGE Shader Compiler as Incredibuild is not installed on this machine.
[2020.03.23-18.35.13:726][  0]LogShaderCompilers: Display: Using Local Shader Compiler.
[2020.03.23-18.35.14:713][  0]LogDerivedDataCache: Display: Max Cache Size: 512 MB
[2020.03.23-18.35.14:777][  0]LogDerivedDataCache: Loaded boot cache 0.06s 79MB C:/Users/KE13A/AppData/Local/UnrealEngine/4.24/DerivedDataCache/Boot.ddc.
[2020.03.23-18.35.14:777][  0]LogDerivedDataCache: Display: Loaded Boot cache: C:/Users/KE13A/AppData/Local/UnrealEngine/4.24/DerivedDataCache/Boot.ddc
[2020.03.23-18.35.14:777][  0]LogDerivedDataCache: FDerivedDataBackendGraph:  Pak pak cache file ../../../../../../Users/KE13A/Documents/GitHub/MCRoyale/DerivedDataCache/DDC.ddp not found, will not use a pak cache.
[2020.03.23-18.35.14:777][  0]LogDerivedDataCache: Unable to find inner node Pak for hierarchical cache Hierarchy.
[2020.03.23-18.35.14:777][  0]LogDerivedDataCache: FDerivedDataBackendGraph:  CompressedPak pak cache file ../../../../../../Users/KE13A/Documents/GitHub/MCRoyale/DerivedDataCache/Compressed.ddp not found, will not use a pak cache.
[2020.03.23-18.35.14:777][  0]LogDerivedDataCache: Unable to find inner node CompressedPak for hierarchical cache Hierarchy.
[2020.03.23-18.35.14:793][  0]LogDerivedDataCache: Display: Pak cache opened for reading ../../../Engine/DerivedDataCache/Compressed.ddp.
[2020.03.23-18.35.14:793][  0]LogDerivedDataCache: FDerivedDataBackendGraph:  EnterprisePak pak cache file ../../../Enterprise/DerivedDataCache/Compressed.ddp not found, will not use a pak cache.
[2020.03.23-18.35.14:793][  0]LogDerivedDataCache: Unable to find inner node EnterprisePak for hierarchical cache Hierarchy.
[2020.03.23-18.35.14:794][  0]LogDerivedDataCache: Using Local data cache path C:/Users/KE13A/AppData/Local/UnrealEngine/Common/DerivedDataCache: Writable
[2020.03.23-18.35.14:794][  0]LogDerivedDataCache: Shared data cache path not found in *engine.ini, will not use an Shared cache.
[2020.03.23-18.35.14:794][  0]LogDerivedDataCache: Unable to find inner node Shared for hierarchical cache Hierarchy.
[2020.03.23-18.35.14:837][  0]LogMaterial: Verifying Global Shaders for PCD3D_SM5
[2020.03.23-18.35.14:840][  0]LogSlate: Using FreeType 2.10.0
[2020.03.23-18.35.14:841][  0]LogSlate: SlateFontServices - WITH_FREETYPE: 1, WITH_HARFBUZZ: 1
[2020.03.23-18.35.14:904][  0]LogAssetRegistry: FAssetRegistry took 0.0033 seconds to start up
[2020.03.23-18.35.15:330][  0]LogInit: Selected Device Profile: [Windows]
[2020.03.23-18.35.15:563][  0]LogMeshReduction: Using QuadricMeshReduction for automatic static mesh reduction
[2020.03.23-18.35.15:563][  0]LogMeshReduction: Using SimplygonMeshReduction for automatic skeletal mesh reduction
[2020.03.23-18.35.15:563][  0]LogMeshReduction: Using ProxyLODMeshReduction for automatic mesh merging
[2020.03.23-18.35.15:563][  0]LogMeshReduction: No distributed automatic mesh merging module available
[2020.03.23-18.35.15:563][  0]LogMeshMerging: No distributed automatic mesh merging module available
[2020.03.23-18.35.15:585][  0]LogNetVersion: MCRoyale 1.0.0, NetCL: 10570792, EngineNetVer: 13, GameNetVer: 0 (Checksum: 2442722281)
[2020.03.23-18.35.17:118][  0]LogPackageLocalizationCache: Processed 10 localized package path(s) for 1 prioritized culture(s) in 0.066258 seconds
[2020.03.23-18.35.17:129][  0]LogUObjectArray: 46750 objects as part of root set at end of initial load.
[2020.03.23-18.35.17:129][  0]LogUObjectAllocator: 8137160 out of 0 bytes used by permanent object pool.
[2020.03.23-18.35.17:129][  0]LogUObjectArray: CloseDisregardForGC: 0/0 objects in disregard for GC pool
[2020.03.23-18.35.17:703][  0]LogTcpMessaging: Initializing TcpMessaging bridge
[2020.03.23-18.35.17:707][  0]LogUdpMessaging: Initializing bridge on interface 0.0.0.0:0 to multicast group 230.0.0.1:6666.
[2020.03.23-18.35.17:776][  0]SourceControl: Source control is disabled
[2020.03.23-18.35.17:776][  0]SourceControl: Source control is disabled
[2020.03.23-18.35.17:778][  0]SourceControl: Source control is disabled
[2020.03.23-18.35.17:780][  0]SourceControl: Source control is disabled
[2020.03.23-18.35.17:781][  0]SourceControl: Source control is disabled
[2020.03.23-18.35.17:892][  0]LogAndroidPermission: UAndroidPermissionCallbackProxy::GetInstance
[2020.03.23-18.35.17:905][  0]LogAudioCaptureCore: Display: No Audio Capture implementations found. Audio input will be silent.
[2020.03.23-18.35.17:905][  0]LogAudioCaptureCore: Display: No Audio Capture implementations found. Audio input will be silent.
[2020.03.23-18.35.18:024][  0]LogOcInput: OculusInput pre-init called
[2020.03.23-18.35.18:032][  0]LogWindows: Failed to load 'OVRPlugin.dll' (GetLastError=126)
[2020.03.23-18.35.18:033][  0]LogWindows: File 'OVRPlugin.dll' does not exist
[2020.03.23-18.35.18:151][  0]LogEngine: Initializing Engine...
[2020.03.23-18.35.18:152][  0]LogHMD: Failed to initialize OpenVR with code 110
[2020.03.23-18.35.18:153][  0]LogStats: UGameplayTagsManager::InitializeManager -  0.000 s
[2020.03.23-18.35.18:631][  0]LogInit: Initializing FReadOnlyCVARCache
[2020.03.23-18.35.18:641][  0]LogAIModule: Creating AISystem for world Untitled
[2020.03.23-18.35.18:656][  0]LogAudioMixer: Display: Audio Mixer Platform Settings:
[2020.03.23-18.35.18:656][  0]LogAudioMixer: Display: 	Sample Rate:						  48000
[2020.03.23-18.35.18:656][  0]LogAudioMixer: Display: 	Callback Buffer Frame Size Requested: 1024
[2020.03.23-18.35.18:656][  0]LogAudioMixer: Display: 	Callback Buffer Frame Size To Use:	  1024
[2020.03.23-18.35.18:656][  0]LogAudioMixer: Display: 	Number of buffers to queue:			  2
[2020.03.23-18.35.18:656][  0]LogAudioMixer: Display: 	Max Channels (voices):				  32
[2020.03.23-18.35.18:656][  0]LogAudioMixer: Display: 	Number of Async Source Workers:		  0
[2020.03.23-18.35.18:656][  0]LogAudio: Display: AudioDevice MaxSources: 32
[2020.03.23-18.35.18:657][  0]LogAudio: Display: Using built-in audio occlusion.
[2020.03.23-18.35.18:657][  0]LogAudioMixer: Display: Initializing audio mixer.
[2020.03.23-18.35.18:707][  0]LogAudioMixer: Display: Audio Device Output Speaker Info:
[2020.03.23-18.35.18:707][  0]LogAudioMixer: Display: Name: Headphones (HMDX Craze Sport Buds Stereo)
[2020.03.23-18.35.18:707][  0]LogAudioMixer: Display: Is Default: Yes
[2020.03.23-18.35.18:707][  0]LogAudioMixer: Display: Sample Rate: 44100
[2020.03.23-18.35.18:707][  0]LogAudioMixer: Display: Channel Count Used: 2
[2020.03.23-18.35.18:707][  0]LogAudioMixer: Display: Device Channel Count: 2
[2020.03.23-18.35.18:707][  0]LogAudioMixer: Display: Channel Order:
[2020.03.23-18.35.18:707][  0]LogAudioMixer: Display: 0: FrontLeft
[2020.03.23-18.35.18:707][  0]LogAudioMixer: Display: 1: FrontRight
[2020.03.23-18.35.18:761][  0]LogAudioMixer: Display: Using Audio Device Headphones (HMDX Craze Sport Buds Stereo)
[2020.03.23-18.35.18:773][  0]LogInit: FAudioDevice initialized.
[2020.03.23-18.35.18:774][  0]LogNetVersion: Set ProjectVersion to 1.0.0.0. Version Checksum will be recalculated on next use.
[2020.03.23-18.35.18:850][  0]LogDerivedDataCache: Saved boot cache 0.08s 78MB C:/Users/KE13A/AppData/Local/UnrealEngine/4.24/DerivedDataCache/Boot.ddc.
[2020.03.23-18.35.18:856][  0]LogInit: Texture streaming: Enabled
[2020.03.23-18.35.18:869][  0]LogEngineSessionManager: EngineSessionManager initialized
[2020.03.23-18.35.18:869][  0]LogEditorSessionSummary: Verbose: Initializing EditorSessionSummaryWriter for editor session tracking
[2020.03.23-18.35.18:871][  0]LogEditorSessionSummary: EditorSessionSummaryWriter initialized
[2020.03.23-18.35.18:968][  0]LogInit: Transaction tracking system initialized
[2020.03.23-18.35.18:982][  0]BlueprintLog: New page: Editor Load
[2020.03.23-18.35.19:032][  0]LocalizationService: Localization service is disabled
[2020.03.23-18.35.19:449][  0]LogFileCache: Scanning file cache for directory 'C:/Users/KE13A/Documents/GitHub/MCRoyale/Content/' took 0.00s
[2020.03.23-18.35.19:449][  0]LogCook: Display: Max memory allowance for cook 16384mb min free memory 0mb
[2020.03.23-18.35.19:449][  0]LogCook: Display: Mobile HDR setting 1
[2020.03.23-18.35.20:398][  0]SourceControl: Source control is disabled
[2020.03.23-18.35.20:398][  0]Cmd: MAP LOAD FILE="../../../../../../Users/KE13A/Documents/GitHub/MCRoyale/Content/Levels/MainMenu.umap" TEMPLATE=0 SHOWPROGRESS=1 FEATURELEVEL=3
[2020.03.23-18.35.20:407][  0]LightingResults: New page: Lighting Build
[2020.03.23-18.35.20:408][  0]LogWorld: UWorld::CleanupWorld for Untitled, bSessionEnded=true, bCleanupResources=true
[2020.03.23-18.35.20:408][  0]LogSlate: InvalidateAllWidgets triggered.  All widgets were invalidated
[2020.03.23-18.35.20:408][  0]MapCheck: New page: Map Check
[2020.03.23-18.35.20:408][  0]LightingResults: New page: Lighting Build
[2020.03.23-18.35.20:461][  0]LogUObjectHash: Compacting FUObjectHashTables data took   3.03ms
[2020.03.23-18.35.20:708][  0]LogAIModule: Creating AISystem for world MainMenu
[2020.03.23-18.35.20:709][  0]LogEditorServer: Finished looking for orphan Actors (0.000 secs)
[2020.03.23-18.35.20:761][  0]LogUObjectHash: Compacting FUObjectHashTables data took   2.89ms
[2020.03.23-18.35.20:761][  0]Cmd: MAP CHECKDEP NOCLEARLOG
[2020.03.23-18.35.20:762][  0]MapCheck: Map check complete: 0 Error(s), 0 Warning(s), took 0.311ms to complete.
[2020.03.23-18.35.20:762][  0]LogFileHelpers: Loading map 'MainMenu' took 0.363
[2020.03.23-18.35.20:968][  0]LogSlate: Updating window title bar state: overlay mode, drag disabled, window buttons hidden, title bar hidden
[2020.03.23-18.35.20:983][  0]LogSlate: Updating window title bar state: overlay mode, drag disabled, window buttons hidden, title bar hidden
[2020.03.23-18.35.20:996][  0]LogSlate: Updating window title bar state: overlay mode, drag disabled, window buttons hidden, title bar hidden
[2020.03.23-18.35.21:009][  0]LogSlate: Updating window title bar state: overlay mode, drag disabled, window buttons hidden, title bar hidden
[2020.03.23-18.35.21:016][  0]LogCollectionManager: Loaded 0 collections in 0.002780 seconds
[2020.03.23-18.35.21:039][  0]LogFileCache: Scanning file cache for directory 'C:/Users/KE13A/Documents/GitHub/MCRoyale/Saved/Collections/' took 0.00s
[2020.03.23-18.35.21:039][  0]LogFileCache: Scanning file cache for directory 'C:/Users/KE13A/Documents/GitHub/MCRoyale/Content/Developers/KE13A/Collections/' took 0.00s
[2020.03.23-18.35.21:039][  0]LogFileCache: Scanning file cache for directory 'C:/Users/KE13A/Documents/GitHub/MCRoyale/Content/Collections/' took 0.00s
[2020.03.23-18.35.21:039][  0]LogContentBrowser: Native class hierarchy populated in 0.0117 seconds. Added 3015 classes and 717 folders.
[2020.03.23-18.35.21:047][  0]LogContentBrowser: Native class hierarchy updated for 'WidgetCarousel' in 0.0004 seconds. Added 0 classes and 0 folders.
[2020.03.23-18.35.21:128][  0]LogContentBrowser: Native class hierarchy updated for 'AddContentDialog' in 0.0004 seconds. Added 0 classes and 0 folders.
[2020.03.23-18.35.21:133][  0]LogContentBrowser: Native class hierarchy updated for 'SceneOutliner' in 0.0008 seconds. Added 2 classes and 3 folders.
[2020.03.23-18.35.21:189][  0]LogSlate: Took 0.000333 seconds to synchronously load lazily loaded font '../../../Engine/Content/Slate/Fonts/Roboto-Regular.ttf' (155K)
[2020.03.23-18.35.21:199][  0]LogSlate: Took 0.000612 seconds to synchronously load lazily loaded font '../../../Engine/Content/Slate/Fonts/Roboto-Bold.ttf' (160K)
[2020.03.23-18.35.21:207][  0]LogSlate: Took 0.000295 seconds to synchronously load lazily loaded font '../../../Engine/Content/Editor/Slate/Fonts/FontAwesome.ttf' (139K)
[2020.03.23-18.35.21:383][  0]LogRenderer: Reallocating scene render targets to support 1132x552 Format 10 NumSamples 1 (Frame:1).
[2020.03.23-18.35.21:574][  0]LogContentBrowser: Native class hierarchy updated for 'HierarchicalLODOutliner' in 0.0003 seconds. Added 0 classes and 0 folders.
[2020.03.23-18.35.21:574][  0]LogLoad: (Engine Initialization) Total time: 12.08 seconds
[2020.03.23-18.35.21:574][  0]LogLoad: (Engine Initialization) Total Blueprint compile time: 0.00 seconds
[2020.03.23-18.35.21:629][  0]LogContentStreaming: Texture pool size now 1000 MB
[2020.03.23-18.35.21:640][  0]LogSlate: Took 0.000270 seconds to synchronously load lazily loaded font '../../../Engine/Content/Slate/Fonts/Roboto-Light.ttf' (167K)
[2020.03.23-18.35.28:403][406]LogAssetRegistry: Asset discovery search completed in 13.4999 seconds
[2020.03.23-18.35.28:408][406]LogCollectionManager: Fixed up redirectors for 0 collections in 0.000011 seconds (updated 0 objects)
[2020.03.23-18.35.46:426][472]LogSlate: Took 0.000157 seconds to synchronously load lazily loaded font '../../../Engine/Content/Slate/Fonts/Roboto-Light.ttf' (167K)
[2020.03.23-18.35.46:491][472]LogAIModule: Creating AISystem for world Lobby
[2020.03.23-18.35.46:492][472]LogAssetEditorSubsystem: Opening Asset editor for World /Game/Levels/Lobby.Lobby
[2020.03.23-18.35.46:552][472]LogUObjectHash: Compacting FUObjectHashTables data took   2.75ms
[2020.03.23-18.35.46:554][472]Cmd: MAP LOAD FILE="../../../../../../Users/KE13A/Documents/GitHub/MCRoyale/Content/Levels/Lobby.umap" TEMPLATE=0 SHOWPROGRESS=1 FEATURELEVEL=3
[2020.03.23-18.35.46:554][472]LightingResults: New page: Lighting Build
[2020.03.23-18.35.46:555][472]LoadErrors: New page: Loading map: Lobby.umap
[2020.03.23-18.35.46:555][472]LogWorld: UWorld::CleanupWorld for MainMenu, bSessionEnded=true, bCleanupResources=true
[2020.03.23-18.35.46:556][472]LogSlate: InvalidateAllWidgets triggered.  All widgets were invalidated
[2020.03.23-18.35.46:556][472]MapCheck: New page: Map Check
[2020.03.23-18.35.46:556][472]LightingResults: New page: Lighting Build
[2020.03.23-18.35.46:604][472]LogUObjectHash: Compacting FUObjectHashTables data took   2.77ms
[2020.03.23-18.35.46:607][472]LogEditorServer: Finished looking for orphan Actors (0.000 secs)
[2020.03.23-18.35.46:657][472]LogUObjectHash: Compacting FUObjectHashTables data took   2.14ms
[2020.03.23-18.35.46:703][472]Cmd: MAP CHECKDEP NOCLEARLOG
[2020.03.23-18.35.46:704][472]MapCheck: Map check complete: 0 Error(s), 0 Warning(s), took 0.232ms to complete.
[2020.03.23-18.35.46:704][472]LogFileHelpers: Loading map 'Lobby' took 0.150
[2020.03.23-18.35.51:588][752]LogAIModule: Creating AISystem for world MainMenu
[2020.03.23-18.35.51:589][752]LogAssetEditorSubsystem: Opening Asset editor for World /Game/Levels/MainMenu.MainMenu
[2020.03.23-18.35.51:640][752]LogUObjectHash: Compacting FUObjectHashTables data took   2.26ms
[2020.03.23-18.35.51:641][752]Cmd: MAP LOAD FILE="../../../../../../Users/KE13A/Documents/GitHub/MCRoyale/Content/Levels/MainMenu.umap" TEMPLATE=0 SHOWPROGRESS=1 FEATURELEVEL=3
[2020.03.23-18.35.51:642][752]LightingResults: New page: Lighting Build
[2020.03.23-18.35.51:643][752]LoadErrors: New page: Loading map: MainMenu.umap
[2020.03.23-18.35.51:643][752]LogWorld: UWorld::CleanupWorld for Lobby, bSessionEnded=true, bCleanupResources=true
[2020.03.23-18.35.51:643][752]LogSlate: InvalidateAllWidgets triggered.  All widgets were invalidated
[2020.03.23-18.35.51:643][752]MapCheck: New page: Map Check
[2020.03.23-18.35.51:643][752]LightingResults: New page: Lighting Build
[2020.03.23-18.35.51:688][752]LogUObjectHash: Compacting FUObjectHashTables data took   2.67ms
[2020.03.23-18.35.51:689][752]LogEditorServer: Finished looking for orphan Actors (0.000 secs)
[2020.03.23-18.35.51:733][752]LogUObjectHash: Compacting FUObjectHashTables data took   2.04ms
[2020.03.23-18.35.51:774][752]Cmd: MAP CHECKDEP NOCLEARLOG
[2020.03.23-18.35.51:775][752]MapCheck: Map check complete: 0 Error(s), 0 Warning(s), took 0.138ms to complete.
[2020.03.23-18.35.51:775][752]LogFileHelpers: Loading map 'MainMenu' took 0.133
[2020.03.23-18.35.54:050][875]LogTexture: Display: Building textures: HQ_Lightmap0_2 (AutoDXT, 64X64)
[2020.03.23-18.35.54:050][875]LogTexture: Display: Building textures: HQ_Lightmap0_1 (AutoDXT, 128X128)
[2020.03.23-18.35.54:050][875]LogTexture: Display: Building textures: LQ_Lightmap_0_1 (DXT1, 128X128)
[2020.03.23-18.35.54:050][875]LogTexture: Display: Building textures: LQ_Lightmap_0_2 (DXT1, 64X64)
[2020.03.23-18.35.54:050][875]LogTexture: Display: Building textures: ShadowMapTexture2D_0 (G8, 128X64)
[2020.03.23-18.35.54:050][875]LogTexture: Display: Building textures: ShadowMapTexture2D_1 (G8, 32X32)
[2020.03.23-18.35.54:050][875]LogMaterial: Display: Missing cached shader map for material M_Level, compiling. 
[2020.03.23-18.35.54:203][875]LogShaderCompilers: Display: Worker (1/9): shaders left to compile 24
[2020.03.23-18.35.54:203][875]LogShaderCompilers: Display: Worker (2/9): shaders left to compile 20
[2020.03.23-18.35.54:203][875]LogShaderCompilers: Display: Worker (3/9): shaders left to compile 16
[2020.03.23-18.35.54:203][875]LogShaderCompilers: Display: Worker (4/9): shaders left to compile 12
[2020.03.23-18.35.54:203][875]LogShaderCompilers: Display: Worker (5/9): shaders left to compile 8
[2020.03.23-18.35.54:203][875]LogShaderCompilers: Display: Worker (6/9): shaders left to compile 4
[2020.03.23-18.35.54:205][875]LogAIModule: Creating AISystem for world Testing
[2020.03.23-18.35.54:218][875]LogAssetEditorSubsystem: Opening Asset editor for World /Game/Levels/Testing.Testing
[2020.03.23-18.35.54:275][875]LogUObjectHash: Compacting FUObjectHashTables data took   5.36ms
[2020.03.23-18.35.54:280][875]Cmd: MAP LOAD FILE="../../../../../../Users/KE13A/Documents/GitHub/MCRoyale/Content/Levels/Testing.umap" TEMPLATE=0 SHOWPROGRESS=1 FEATURELEVEL=3
[2020.03.23-18.35.54:281][875]LightingResults: New page: Lighting Build
[2020.03.23-18.35.54:283][875]LoadErrors: New page: Loading map: Testing.umap
[2020.03.23-18.35.54:283][875]LogWorld: UWorld::CleanupWorld for MainMenu, bSessionEnded=true, bCleanupResources=true
[2020.03.23-18.35.54:283][875]LogSlate: InvalidateAllWidgets triggered.  All widgets were invalidated
[2020.03.23-18.35.54:283][875]MapCheck: New page: Map Check
[2020.03.23-18.35.54:283][875]LightingResults: New page: Lighting Build
[2020.03.23-18.35.54:343][875]LogUObjectHash: Compacting FUObjectHashTables data took   4.57ms
[2020.03.23-18.35.54:348][875]LogEditorServer: Finished looking for orphan Actors (0.000 secs)
[2020.03.23-18.35.54:402][875]LogUObjectHash: Compacting FUObjectHashTables data took   2.63ms
[2020.03.23-18.35.54:448][875]Cmd: MAP CHECKDEP NOCLEARLOG
[2020.03.23-18.35.54:450][875]MapCheck: Map check complete: 0 Error(s), 0 Warning(s), took 2.269ms to complete.
[2020.03.23-18.35.54:450][875]LogFileHelpers: Loading map 'Testing' took 0.172
[2020.03.23-18.39.07:803][455]LogAudioMixer: Warning: Changing default audio render device to new device: {0.0.0.00000000}.{dc052bba-6a30-4928-86d6-0dc4701c1b03}.
[2020.03.23-18.39.07:814][455]LogTemp: Resetting audio stream to device id 
[2020.03.23-18.39.07:925][455]LogAudioMixer: Display: Audio Device Output Speaker Info:
[2020.03.23-18.39.07:925][455]LogAudioMixer: Display: Name: Headphones (HMDX Craze Sport Buds Stereo)
[2020.03.23-18.39.07:925][455]LogAudioMixer: Display: Is Default: Yes
[2020.03.23-18.39.07:925][455]LogAudioMixer: Display: Sample Rate: 44100
[2020.03.23-18.39.07:925][455]LogAudioMixer: Display: Channel Count Used: 2
[2020.03.23-18.39.07:925][455]LogAudioMixer: Display: Device Channel Count: 2
[2020.03.23-18.39.07:925][455]LogAudioMixer: Display: Channel Order:
[2020.03.23-18.39.07:925][455]LogAudioMixer: Display: 0: FrontLeft
[2020.03.23-18.39.07:925][455]LogAudioMixer: Display: 1: FrontRight
[2020.03.23-18.39.08:330][474]LogAudioMixer: Warning: Changing default audio render device to new device: {0.0.0.00000000}.{b050cddb-8aae-443f-9549-7506eba559cd}.
[2020.03.23-18.39.08:464][474]LogTemp: Resetting audio stream to device id 
[2020.03.23-18.39.08:572][474]LogAudioMixer: Display: Audio Device Output Speaker Info:
[2020.03.23-18.39.08:573][474]LogAudioMixer: Display: Name: Speakers (Realtek(R) Audio)
[2020.03.23-18.39.08:573][474]LogAudioMixer: Display: Is Default: Yes
[2020.03.23-18.39.08:573][474]LogAudioMixer: Display: Sample Rate: 48000
[2020.03.23-18.39.08:573][474]LogAudioMixer: Display: Channel Count Used: 2
[2020.03.23-18.39.08:573][474]LogAudioMixer: Display: Device Channel Count: 2
[2020.03.23-18.39.08:573][474]LogAudioMixer: Display: Channel Order:
[2020.03.23-18.39.08:573][474]LogAudioMixer: Display: 0: FrontLeft
[2020.03.23-18.39.08:573][474]LogAudioMixer: Display: 1: FrontRight
[2020.03.23-18.39.08:755][480]LogAudioMixer: Warning: Changing default audio render device to new device: {0.0.0.00000000}.{b050cddb-8aae-443f-9549-7506eba559cd}.
[2020.03.23-18.39.08:803][480]LogTemp: Resetting audio stream to device id 
[2020.03.23-18.39.08:850][480]LogAudioMixer: Display: Audio Device Output Speaker Info:
[2020.03.23-18.39.08:850][480]LogAudioMixer: Display: Name: Speakers (Realtek(R) Audio)
[2020.03.23-18.39.08:850][480]LogAudioMixer: Display: Is Default: Yes
[2020.03.23-18.39.08:850][480]LogAudioMixer: Display: Sample Rate: 48000
[2020.03.23-18.39.08:850][480]LogAudioMixer: Display: Channel Count Used: 2
[2020.03.23-18.39.08:851][480]LogAudioMixer: Display: Device Channel Count: 2
[2020.03.23-18.39.08:851][480]LogAudioMixer: Display: Channel Order:
[2020.03.23-18.39.08:851][480]LogAudioMixer: Display: 0: FrontLeft
[2020.03.23-18.39.08:851][480]LogAudioMixer: Display: 1: FrontRight
[2020.03.23-18.39.25:017][851]LogAudioMixer: Warning: Changing default audio render device to new device: {0.0.0.00000000}.{daa3459e-47b1-42ee-a39f-1d86f202a78e}.
[2020.03.23-18.39.25:017][851]LogTemp: Resetting audio stream to device id 
[2020.03.23-18.39.25:048][851]LogAudioMixer: Display: Audio Device Output Speaker Info:
[2020.03.23-18.39.25:048][851]LogAudioMixer: Display: Name: Speakers (Realtek(R) Audio)
[2020.03.23-18.39.25:048][851]LogAudioMixer: Display: Is Default: Yes
[2020.03.23-18.39.25:048][851]LogAudioMixer: Display: Sample Rate: 48000
[2020.03.23-18.39.25:048][851]LogAudioMixer: Display: Channel Count Used: 2
[2020.03.23-18.39.25:048][851]LogAudioMixer: Display: Device Channel Count: 2
[2020.03.23-18.39.25:048][851]LogAudioMixer: Display: Channel Order:
[2020.03.23-18.39.25:048][851]LogAudioMixer: Display: 0: FrontLeft
[2020.03.23-18.39.25:048][851]LogAudioMixer: Display: 1: FrontRight
[2020.03.23-18.39.27:045][857]LogAudioMixer: Warning: Changing default audio render device to new device: {0.0.0.00000000}.{dc052bba-6a30-4928-86d6-0dc4701c1b03}.
[2020.03.23-18.39.27:045][857]LogTemp: Resetting audio stream to device id 
[2020.03.23-18.39.27:076][857]LogAudioMixer: Display: Audio Device Output Speaker Info:
[2020.03.23-18.39.27:076][857]LogAudioMixer: Display: Name: Headphones (HMDX Craze Sport Buds Stereo)
[2020.03.23-18.39.27:076][857]LogAudioMixer: Display: Is Default: Yes
[2020.03.23-18.39.27:076][857]LogAudioMixer: Display: Sample Rate: 44100
[2020.03.23-18.39.27:076][857]LogAudioMixer: Display: Channel Count Used: 2
[2020.03.23-18.39.27:076][857]LogAudioMixer: Display: Device Channel Count: 2
[2020.03.23-18.39.27:076][857]LogAudioMixer: Display: Channel Order:
[2020.03.23-18.39.27:076][857]LogAudioMixer: Display: 0: FrontLeft
[2020.03.23-18.39.27:076][857]LogAudioMixer: Display: 1: FrontRight
[2020.03.23-18.40.26:220][ 34]LogAudioMixer: Warning: Changing default audio render device to new device: {0.0.0.00000000}.{dc052bba-6a30-4928-86d6-0dc4701c1b03}.
[2020.03.23-18.40.26:220][ 34]LogTemp: Resetting audio stream to device id 
[2020.03.23-18.40.26:334][ 34]LogAudioMixer: Display: Audio Device Output Speaker Info:
[2020.03.23-18.40.26:334][ 34]LogAudioMixer: Display: Name: Headphones (HMDX Craze Sport Buds Stereo)
[2020.03.23-18.40.26:334][ 34]LogAudioMixer: Display: Is Default: Yes
[2020.03.23-18.40.26:334][ 34]LogAudioMixer: Display: Sample Rate: 44100
[2020.03.23-18.40.26:334][ 34]LogAudioMixer: Display: Channel Count Used: 2
[2020.03.23-18.40.26:334][ 34]LogAudioMixer: Display: Device Channel Count: 2
[2020.03.23-18.40.26:334][ 34]LogAudioMixer: Display: Channel Order:
[2020.03.23-18.40.26:334][ 34]LogAudioMixer: Display: 0: FrontLeft
[2020.03.23-18.40.26:334][ 34]LogAudioMixer: Display: 1: FrontRight
[2020.03.23-18.40.27:006][ 36]LogAudioMixer: Warning: Changing default audio render device to new device: {0.0.0.00000000}.{b050cddb-8aae-443f-9549-7506eba559cd}.
[2020.03.23-18.40.27:006][ 36]LogTemp: Resetting audio stream to device id 
[2020.03.23-18.40.27:082][ 36]LogAudioMixer: Display: Audio Device Output Speaker Info:
[2020.03.23-18.40.27:083][ 36]LogAudioMixer: Display: Name: Speakers (Realtek(R) Audio)
[2020.03.23-18.40.27:083][ 36]LogAudioMixer: Display: Is Default: Yes
[2020.03.23-18.40.27:083][ 36]LogAudioMixer: Display: Sample Rate: 48000
[2020.03.23-18.40.27:083][ 36]LogAudioMixer: Display: Channel Count Used: 2
[2020.03.23-18.40.27:083][ 36]LogAudioMixer: Display: Device Channel Count: 2
[2020.03.23-18.40.27:083][ 36]LogAudioMixer: Display: Channel Order:
[2020.03.23-18.40.27:083][ 36]LogAudioMixer: Display: 0: FrontLeft
[2020.03.23-18.40.27:083][ 36]LogAudioMixer: Display: 1: FrontRight
[2020.03.23-18.40.27:187][ 37]LogAudioMixer: Warning: Changing default audio render device to new device: {0.0.0.00000000}.{b050cddb-8aae-443f-9549-7506eba559cd}.
[2020.03.23-18.40.27:256][ 37]LogTemp: Resetting audio stream to device id 
[2020.03.23-18.40.27:301][ 37]LogAudioMixer: Display: Audio Device Output Speaker Info:
[2020.03.23-18.40.27:301][ 37]LogAudioMixer: Display: Name: Speakers (Realtek(R) Audio)
[2020.03.23-18.40.27:301][ 37]LogAudioMixer: Display: Is Default: Yes
[2020.03.23-18.40.27:301][ 37]LogAudioMixer: Display: Sample Rate: 48000
[2020.03.23-18.40.27:301][ 37]LogAudioMixer: Display: Channel Count Used: 2
[2020.03.23-18.40.27:301][ 37]LogAudioMixer: Display: Device Channel Count: 2
[2020.03.23-18.40.27:301][ 37]LogAudioMixer: Display: Channel Order:
[2020.03.23-18.40.27:301][ 37]LogAudioMixer: Display: 0: FrontLeft
[2020.03.23-18.40.27:301][ 37]LogAudioMixer: Display: 1: FrontRight
[2020.03.23-18.40.35:357][ 61]LogAudioMixer: Warning: Changing default audio render device to new device: {0.0.0.00000000}.{daa3459e-47b1-42ee-a39f-1d86f202a78e}.
[2020.03.23-18.40.35:357][ 61]LogTemp: Resetting audio stream to device id 
[2020.03.23-18.40.35:424][ 61]LogAudioMixer: Display: Audio Device Output Speaker Info:
[2020.03.23-18.40.35:425][ 61]LogAudioMixer: Display: Name: Speakers (Realtek(R) Audio)
[2020.03.23-18.40.35:425][ 61]LogAudioMixer: Display: Is Default: Yes
[2020.03.23-18.40.35:425][ 61]LogAudioMixer: Display: Sample Rate: 48000
[2020.03.23-18.40.35:425][ 61]LogAudioMixer: Display: Channel Count Used: 2
[2020.03.23-18.40.35:425][ 61]LogAudioMixer: Display: Device Channel Count: 2
[2020.03.23-18.40.35:425][ 61]LogAudioMixer: Display: Channel Order:
[2020.03.23-18.40.35:425][ 61]LogAudioMixer: Display: 0: FrontLeft
[2020.03.23-18.40.35:425][ 61]LogAudioMixer: Display: 1: FrontRight
[2020.03.23-18.40.37:338][ 67]LogAudioMixer: Warning: Changing default audio render device to new device: {0.0.0.00000000}.{dc052bba-6a30-4928-86d6-0dc4701c1b03}.
[2020.03.23-18.40.37:339][ 67]LogTemp: Resetting audio stream to device id 
[2020.03.23-18.40.37:367][ 67]LogAudioMixer: Display: Audio Device Output Speaker Info:
[2020.03.23-18.40.37:368][ 67]LogAudioMixer: Display: Name: Headphones (HMDX Craze Sport Buds Stereo)
[2020.03.23-18.40.37:368][ 67]LogAudioMixer: Display: Is Default: Yes
[2020.03.23-18.40.37:368][ 67]LogAudioMixer: Display: Sample Rate: 44100
[2020.03.23-18.40.37:368][ 67]LogAudioMixer: Display: Channel Count Used: 2
[2020.03.23-18.40.37:368][ 67]LogAudioMixer: Display: Device Channel Count: 2
[2020.03.23-18.40.37:368][ 67]LogAudioMixer: Display: Channel Order:
[2020.03.23-18.40.37:368][ 67]LogAudioMixer: Display: 0: FrontLeft
[2020.03.23-18.40.37:368][ 67]LogAudioMixer: Display: 1: FrontRight
[2020.03.23-18.42.32:324][411]LogAudioMixer: Warning: Changing default audio render device to new device: {0.0.0.00000000}.{dc052bba-6a30-4928-86d6-0dc4701c1b03}.
[2020.03.23-18.42.32:325][411]LogTemp: Resetting audio stream to device id 
[2020.03.23-18.42.32:363][411]LogAudioMixer: Display: Audio Device Output Speaker Info:
[2020.03.23-18.42.32:363][411]LogAudioMixer: Display: Name: Headphones (HMDX Craze Sport Buds Stereo)
[2020.03.23-18.42.32:363][411]LogAudioMixer: Display: Is Default: Yes
[2020.03.23-18.42.32:363][411]LogAudioMixer: Display: Sample Rate: 44100
[2020.03.23-18.42.32:364][411]LogAudioMixer: Display: Channel Count Used: 2
[2020.03.23-18.42.32:364][411]LogAudioMixer: Display: Device Channel Count: 2
[2020.03.23-18.42.32:364][411]LogAudioMixer: Display: Channel Order:
[2020.03.23-18.42.32:364][411]LogAudioMixer: Display: 0: FrontLeft
[2020.03.23-18.42.32:364][411]LogAudioMixer: Display: 1: FrontRight
[2020.03.23-18.42.32:814][412]LogAudioMixer: Warning: Changing default audio render device to new device: {0.0.0.00000000}.{b050cddb-8aae-443f-9549-7506eba559cd}.
[2020.03.23-18.42.32:814][412]LogTemp: Resetting audio stream to device id 
[2020.03.23-18.42.32:899][412]LogAudioMixer: Display: Audio Device Output Speaker Info:
[2020.03.23-18.42.32:899][412]LogAudioMixer: Display: Name: Speakers (Realtek(R) Audio)
[2020.03.23-18.42.32:899][412]LogAudioMixer: Display: Is Default: Yes
[2020.03.23-18.42.32:899][412]LogAudioMixer: Display: Sample Rate: 48000
[2020.03.23-18.42.32:899][412]LogAudioMixer: Display: Channel Count Used: 2
[2020.03.23-18.42.32:899][412]LogAudioMixer: Display: Device Channel Count: 2
[2020.03.23-18.42.32:899][412]LogAudioMixer: Display: Channel Order:
[2020.03.23-18.42.32:899][412]LogAudioMixer: Display: 0: FrontLeft
[2020.03.23-18.42.32:899][412]LogAudioMixer: Display: 1: FrontRight
[2020.03.23-18.42.33:360][414]LogAudioMixer: Warning: Changing default audio render device to new device: {0.0.0.00000000}.{b050cddb-8aae-443f-9549-7506eba559cd}.
[2020.03.23-18.42.33:361][414]LogTemp: Resetting audio stream to device id 
[2020.03.23-18.42.33:377][414]LogAudioMixer: Display: Audio Device Output Speaker Info:
[2020.03.23-18.42.33:377][414]LogAudioMixer: Display: Name: Speakers (Realtek(R) Audio)
[2020.03.23-18.42.33:377][414]LogAudioMixer: Display: Is Default: Yes
[2020.03.23-18.42.33:377][414]LogAudioMixer: Display: Sample Rate: 48000
[2020.03.23-18.42.33:377][414]LogAudioMixer: Display: Channel Count Used: 2
[2020.03.23-18.42.33:377][414]LogAudioMixer: Display: Device Channel Count: 2
[2020.03.23-18.42.33:377][414]LogAudioMixer: Display: Channel Order:
[2020.03.23-18.42.33:377][414]LogAudioMixer: Display: 0: FrontLeft
[2020.03.23-18.42.33:377][414]LogAudioMixer: Display: 1: FrontRight
[2020.03.23-18.50.01:876][922]LogTemp: Repeating last play command: Selected Viewport
[2020.03.23-18.50.01:895][922]LogPlayLevel: PlayLevel: No blueprints needed recompiling
[2020.03.23-18.50.01:932][922]PIE: New page: PIE session: Testing (Mar 23, 2020, 8:50:01 AM)
[2020.03.23-18.50.01:936][922]LogOnline: OSS: Creating online subsystem instance for: NULL
[2020.03.23-18.50.01:939][922]LogOnline: OSS: TryLoadSubsystemAndSetDefault: Loaded subsystem for module [NULL]
[2020.03.23-18.50.01:944][922]LogPlayLevel: Creating play world package: /Game/Levels/UEDPIE_0_Testing
[2020.03.23-18.50.01:958][922]LogPlayLevel: PIE: StaticDuplicateObject took: (0.012948s)
[2020.03.23-18.50.01:962][922]LogAIModule: Creating AISystem for world Testing
[2020.03.23-18.50.01:962][922]LogPlayLevel: PIE: World Init took: (0.004375s)
[2020.03.23-18.50.01:962][922]LogPlayLevel: PIE: Created PIE world by copying editor world from /Game/Levels/Testing.Testing to /Game/Levels/UEDPIE_0_Testing.Testing (0.017948s)
[2020.03.23-18.50.02:014][922]LogUObjectHash: Compacting FUObjectHashTables data took   3.36ms
[2020.03.23-18.50.02:016][922]LogAudioMixer: Display: Audio Mixer Platform Settings:
[2020.03.23-18.50.02:016][922]LogAudioMixer: Display: 	Sample Rate:						  48000
[2020.03.23-18.50.02:016][922]LogAudioMixer: Display: 	Callback Buffer Frame Size Requested: 1024
[2020.03.23-18.50.02:016][922]LogAudioMixer: Display: 	Callback Buffer Frame Size To Use:	  1024
[2020.03.23-18.50.02:016][922]LogAudioMixer: Display: 	Number of buffers to queue:			  2
[2020.03.23-18.50.02:016][922]LogAudioMixer: Display: 	Max Channels (voices):				  32
[2020.03.23-18.50.02:016][922]LogAudioMixer: Display: 	Number of Async Source Workers:		  0
[2020.03.23-18.50.02:016][922]LogAudio: Display: AudioDevice MaxSources: 32
[2020.03.23-18.50.02:017][922]LogAudio: Display: Using built-in audio occlusion.
[2020.03.23-18.50.02:017][922]LogAudioMixer: Display: Initializing audio mixer.
[2020.03.23-18.50.02:027][922]LogAudioMixer: Display: Audio Device Output Speaker Info:
[2020.03.23-18.50.02:027][922]LogAudioMixer: Display: Name: Speakers (Realtek(R) Audio)
[2020.03.23-18.50.02:027][922]LogAudioMixer: Display: Is Default: Yes
[2020.03.23-18.50.02:027][922]LogAudioMixer: Display: Sample Rate: 48000
[2020.03.23-18.50.02:027][922]LogAudioMixer: Display: Channel Count Used: 2
[2020.03.23-18.50.02:027][922]LogAudioMixer: Display: Device Channel Count: 2
[2020.03.23-18.50.02:027][922]LogAudioMixer: Display: Channel Order:
[2020.03.23-18.50.02:027][922]LogAudioMixer: Display: 0: FrontLeft
[2020.03.23-18.50.02:027][922]LogAudioMixer: Display: 1: FrontRight
[2020.03.23-18.50.02:044][922]LogAudioMixer: Display: Using Audio Device Speakers (Realtek(R) Audio)
[2020.03.23-18.50.02:047][922]LogInit: FAudioDevice initialized.
[2020.03.23-18.50.02:059][922]LogLoad: Game class is 'MCRoyale_GM_C'
[2020.03.23-18.50.02:065][922]LogWorld: Bringing World /Game/Levels/UEDPIE_0_Testing.Testing up for play (max tick rate 60) at 2020.03.23-13.50.02
[2020.03.23-18.50.02:065][922]LogWorld: Bringing up level for play took: 0.001719
[2020.03.23-18.50.02:065][922]LogOnline: OSS: Creating online subsystem instance for: :Context_1
[2020.03.23-18.50.02:075][922]LogContentBrowser: Native class hierarchy updated for 'MovieSceneCapture' in 0.0005 seconds. Added 20 classes and 0 folders.
[2020.03.23-18.50.02:087][922]LogPlayerManagement: Error: Failed to Create Player: A local player already exists for controller ID 0,
[2020.03.23-18.50.02:090][922]PIE: Play in editor start time for /Game/Levels/UEDPIE_0_Testing 0.022
[2020.03.23-18.50.02:166][922]LogSlate: New Slate User Created.  User Index 1, Is Virtual User: 0
[2020.03.23-18.50.02:166][922]LogSlate: Slate User Registered.  User Index 1, Is Virtual User: 0
[2020.03.23-18.50.06:592][183]LogAudioMixer: Display: No commands were queued while flushing the source manager.
[2020.03.23-18.50.06:592][183]LogAudioMixer: Display: No commands were queued while flushing the source manager.
[2020.03.23-18.50.06:593][183]LogSlate: Updating window title bar state: overlay mode, drag disabled, window buttons hidden, title bar hidden
[2020.03.23-18.50.06:593][183]LogWorld: BeginTearingDown for /Game/Levels/UEDPIE_0_Testing
[2020.03.23-18.50.06:593][183]LogAudioMixer: Display: No commands were queued while flushing the source manager.
[2020.03.23-18.50.06:593][183]LogWorld: UWorld::CleanupWorld for Testing, bSessionEnded=true, bCleanupResources=true
[2020.03.23-18.50.06:593][183]LogSlate: InvalidateAllWidgets triggered.  All widgets were invalidated
[2020.03.23-18.50.06:604][183]LogPlayLevel: Display: Shutting down PIE online subsystems
[2020.03.23-18.50.06:609][183]LogSlate: InvalidateAllWidgets triggered.  All widgets were invalidated
[2020.03.23-18.50.06:656][183]LogAudioMixer: Display: No commands were queued while flushing the source manager.
[2020.03.23-18.50.06:661][183]LogSlate: Updating window title bar state: overlay mode, drag disabled, window buttons hidden, title bar hidden
[2020.03.23-18.50.06:666][183]LogUObjectHash: Compacting FUObjectHashTables data took   2.68ms
[2020.03.23-18.50.06:742][185]LogPlayLevel: Display: Destroying online subsystem :Context_1
[2020.03.23-18.50.07:310][219]Cmd: SELECT NONE
[2020.03.23-18.50.07:724][242]Cmd: SELECT NONE
[2020.03.23-18.50.43:441][322]LogSlate: WidgetSwitcher ('None') active index changed to 1
[2020.03.23-18.50.46:580][510]LogSlate: WidgetSwitcher ('None') active index changed to 0
